# Logfile created on 2012-03-29 16:45:29 +0800 by logger.rb/25413
I, [2012-03-29 16:45:29#16954]  INFO -- : lukebyrne - ["GBR"] - Logged in successfully with lukebyrne, token returned - 8ch9XpqOcwImcfHuEh18donXu8+No3uq0M3y55NbKDQ=. Fetching Horses from ["GBR"] and looking to lay odds on runners
I, [2012-03-29 16:45:29#16954]  INFO -- : lukebyrne - ["GBR"] - Fetching markets
I, [2012-03-29 16:45:31#16954]  INFO -- : lukebyrne - ["GBR"] - 100478065 - Checking prices for market_id
I, [2012-03-29 16:45:32#16954]  INFO -- : lukebyrne - ["GBR"] - 100478065 - Checking existing bets for market_id
I, [2012-03-29 16:45:32#16954]  INFO -- : lukebyrne - ["GBR"] - 100478065 - 0 bets already placed for market_id
I, [2012-03-29 16:45:32#16954]  INFO -- : lukebyrne - ["GBR"] - 100478065 - Bets have already been placed for runners AND/OR no more runners to lay below odds of 2.0
I, [2012-03-29 16:45:35#16954]  INFO -- : lukebyrne - ["GBR"] - 100478067 - Checking prices for market_id
I, [2012-03-29 16:45:36#16954]  INFO -- : lukebyrne - ["GBR"] - 100478067 - Checking existing bets for market_id
I, [2012-03-29 16:45:37#16954]  INFO -- : lukebyrne - ["GBR"] - 100478067 - 0 bets already placed for market_id
I, [2012-03-29 16:45:37#16954]  INFO -- : lukebyrne - ["GBR"] - 100478067 - Bets have already been placed for runners AND/OR no more runners to lay below odds of 2.0
I, [2012-03-29 16:45:40#16954]  INFO -- : lukebyrne - ["GBR"] - 100478075 - Checking prices for market_id
I, [2012-03-29 16:45:42#16954]  INFO -- : lukebyrne - ["GBR"] - 100478075 - Checking existing bets for market_id
I, [2012-03-29 16:45:43#16954]  INFO -- : lukebyrne - ["GBR"] - 100478075 - 0 bets already placed for market_id
I, [2012-03-29 16:45:43#16954]  INFO -- : lukebyrne - ["GBR"] - 100478075 - Bets have already been placed for runners AND/OR no more runners to lay below odds of 2.0
I, [2012-03-29 16:45:46#16954]  INFO -- : lukebyrne - ["GBR"] - 100478077 - Checking prices for market_id
I, [2012-03-29 16:45:47#16954]  INFO -- : lukebyrne - ["GBR"] - 100478077 - Checking existing bets for market_id
I, [2012-03-29 16:45:48#16954]  INFO -- : lukebyrne - ["GBR"] - 100478077 - 0 bets already placed for market_id
I, [2012-03-29 16:46:21#16962]  INFO -- : lukebyrne - ["GBR"] - Logged in successfully with lukebyrne, token returned - aU8X4InXQ+qpRG0BHTmbXVufDd1LW7+q/DpsrEEmpeQ=. Fetching Horses from ["GBR"] and looking to lay odds on runners
I, [2012-03-29 16:46:21#16962]  INFO -- : lukebyrne - ["GBR"] - Fetching markets
I, [2012-03-29 16:46:22#16962]  INFO -- : lukebyrne - ["GBR"] - 100478065 - Checking prices for market_id
I, [2012-03-29 16:46:23#16962]  INFO -- : lukebyrne - ["GBR"] - 100478065 - Checking existing bets for market_id
I, [2012-03-29 16:46:24#16962]  INFO -- : lukebyrne - ["GBR"] - 100478065 - 0 bets already placed for market_id
I, [2012-03-29 16:46:24#16962]  INFO -- : lukebyrne - ["GBR"] - 100478065 - Bets have already been placed for runners AND/OR no more runners to lay below odds of 2.0
I, [2012-03-29 16:46:27#16962]  INFO -- : lukebyrne - ["GBR"] - 100478067 - Checking prices for market_id
I, [2012-03-29 16:46:27#16962]  INFO -- : lukebyrne - ["GBR"] - 100478067 - Checking existing bets for market_id
I, [2012-03-29 16:46:28#16962]  INFO -- : lukebyrne - ["GBR"] - 100478067 - 0 bets already placed for market_id
I, [2012-03-29 16:46:28#16962]  INFO -- : lukebyrne - ["GBR"] - 100478067 - Bets have already been placed for runners AND/OR no more runners to lay below odds of 2.0
I, [2012-03-29 16:46:31#16962]  INFO -- : lukebyrne - ["GBR"] - 100478075 - Checking prices for market_id
I, [2012-03-29 16:46:34#16962]  INFO -- : lukebyrne - ["GBR"] - 100478075 - Checking existing bets for market_id
I, [2012-03-29 16:46:34#16962]  INFO -- : lukebyrne - ["GBR"] - 100478075 - 0 bets already placed for market_id
I, [2012-03-29 16:46:34#16962]  INFO -- : lukebyrne - ["GBR"] - 100478075 - Bets have already been placed for runners AND/OR no more runners to lay below odds of 2.0
I, [2012-03-29 16:46:37#16962]  INFO -- : lukebyrne - ["GBR"] - 100478077 - Checking prices for market_id
I, [2012-03-29 16:46:38#16962]  INFO -- : lukebyrne - ["GBR"] - 100478077 - Checking existing bets for market_id
I, [2012-03-29 16:46:39#16962]  INFO -- : lukebyrne - ["GBR"] - 100478077 - 0 bets already placed for market_id
I, [2012-03-29 16:46:40#16962]  INFO -- : lukebyrne - ["GBR"] - 100478077 - Placing bets [{:average_price_matched=>"0.0", :bet_id=>"0", :result_code=>"INVALID_PRICE", :size_matched=>"0.0", :success=>false, :"@xsi:type"=>"n2:PlaceBetsResult"}, {:average_price_matched=>"0.0", :bet_id=>"0", :result_code=>"OK", :size_matched=>"0.0", :success=>true, :"@xsi:type"=>"n2:PlaceBetsResult"}, {:average_price_matched=>"0.0", :bet_id=>"0", :result_code=>"OK", :size_matched=>"0.0", :success=>true, :"@xsi:type"=>"n2:PlaceBetsResult"}, {:average_price_matched=>"0.0", :bet_id=>"0", :result_code=>"OK", :size_matched=>"0.0", :success=>true, :"@xsi:type"=>"n2:PlaceBetsResult"}]
I, [2012-03-29 16:46:43#16962]  INFO -- : lukebyrne - ["GBR"] - 100478079 - Checking prices for market_id
I, [2012-03-29 16:46:45#16962]  INFO -- : lukebyrne - ["GBR"] - 100478079 - Checking existing bets for market_id
I, [2012-03-29 16:46:46#16962]  INFO -- : lukebyrne - ["GBR"] - 100478079 - 0 bets already placed for market_id
I, [2012-03-29 16:46:47#16962]  INFO -- : lukebyrne - ["GBR"] - 100478079 - Placing bets [{:average_price_matched=>"0.0", :bet_id=>"0", :result_code=>"OK", :size_matched=>"0.0", :success=>true, :"@xsi:type"=>"n2:PlaceBetsResult"}, {:average_price_matched=>"0.0", :bet_id=>"0", :result_code=>"OK", :size_matched=>"0.0", :success=>true, :"@xsi:type"=>"n2:PlaceBetsResult"}, {:average_price_matched=>"0.0", :bet_id=>"0", :result_code=>"INVALID_PRICE", :size_matched=>"0.0", :success=>false, :"@xsi:type"=>"n2:PlaceBetsResult"}]
I, [2012-03-29 16:46:50#16962]  INFO -- : lukebyrne - ["GBR"] - 100478081 - Checking prices for market_id
I, [2012-03-29 16:46:51#16962]  INFO -- : lukebyrne - ["GBR"] - 100478081 - Checking existing bets for market_id
I, [2012-03-29 16:46:51#16962]  INFO -- : lukebyrne - ["GBR"] - 100478081 - 0 bets already placed for market_id
I, [2012-03-29 16:46:52#16962]  INFO -- : lukebyrne - ["GBR"] - 100478081 - Placing bets [{:average_price_matched=>"0.0", :bet_id=>"0", :result_code=>"INVALID_SIZE", :size_matched=>"0.0", :success=>false, :"@xsi:type"=>"n2:PlaceBetsResult"}, {:average_price_matched=>"0.0", :bet_id=>"0", :result_code=>"INVALID_SIZE", :size_matched=>"0.0", :success=>false, :"@xsi:type"=>"n2:PlaceBetsResult"}, {:average_price_matched=>"0.0", :bet_id=>"0", :result_code=>"INVALID_SIZE", :size_matched=>"0.0", :success=>false, :"@xsi:type"=>"n2:PlaceBetsResult"}, {:average_price_matched=>"0.0", :bet_id=>"0", :result_code=>"INVALID_SIZE", :size_matched=>"0.0", :success=>false, :"@xsi:type"=>"n2:PlaceBetsResult"}]
I, [2012-03-29 16:46:55#16962]  INFO -- : lukebyrne - ["GBR"] - 100478083 - Checking prices for market_id
I, [2012-03-29 16:46:57#16962]  INFO -- : lukebyrne - ["GBR"] - 100478083 - Checking existing bets for market_id
I, [2012-03-29 16:46:58#16962]  INFO -- : lukebyrne - ["GBR"] - 100478083 - 0 bets already placed for market_id
I, [2012-03-29 16:46:59#16962]  INFO -- : lukebyrne - ["GBR"] - 100478083 - Placing bets [{:average_price_matched=>"0.0", :bet_id=>"0", :result_code=>"INVALID_SIZE", :size_matched=>"0.0", :success=>false, :"@xsi:type"=>"n2:PlaceBetsResult"}, {:average_price_matched=>"0.0", :bet_id=>"0", :result_code=>"INVALID_SIZE", :size_matched=>"0.0", :success=>false, :"@xsi:type"=>"n2:PlaceBetsResult"}, {:average_price_matched=>"0.0", :bet_id=>"0", :result_code=>"INVALID_SIZE", :size_matched=>"0.0", :success=>false, :"@xsi:type"=>"n2:PlaceBetsResult"}]
I, [2012-03-29 16:47:02#16962]  INFO -- : lukebyrne - ["GBR"] - 100478085 - Checking prices for market_id
I, [2012-03-29 16:47:03#16962]  INFO -- : lukebyrne - ["GBR"] - 100478085 - Checking existing bets for market_id
