Fetching markets for exchange id 2
Market String Empty
Fetching markets for exchange_id 2
Market String Empty
Fetching markets for exchange_id 2
Market String Empty
Logging in to Betfair with credentials. Session token returned 
Fetching markets for exchange_id 1
Market String Empty
Logging in to Betfair with credentials. Session token returned 3ZBKXQyQx1RiUsMUGIeWtX2vEp1ep9BmCQVeTbm53AM=
Fetching markets for exchange_id 1
Market String Empty
Logging in to Betfair with credentials. Session token returned oWqb9dbOSUX0mbWGrXdDviXWan7/ZMU85K0DeDf8a7M=
Fetching markets for exchange_id 2
Market String Empty
Logging in to Betfair with credentials. Session token returned 3iXq+cBMhExlnbRbTTsiraD91xrqf32rQX+LpSNqIcU=
Fetching markets for exchange_id 2
Market String Empty
Logging in to Betfair with credentials. Session token returned 4NyYcFkFCGmmbhlI7euo2KmGrijgf3/JHxvHDWeUObc=
Fetching markets for exchange_id 2
Market String Empty
Logging in to Betfair with credentials. Session token returned ggsNacy1VDCIVDk5C6mXKe5YsbXplrTniUtKo297eCQ=
Fetching markets for exchange_id 2
Fetching and checking selection prices for market_id 
Fetching and checking selection prices for market_id 100470937
Fetching and checking selection prices for market_id 100470938
Logging in to Betfair with credentials. Session token returned 8he3qe4bnhaFmN95knkRNsUhHOb4fIoFnEFxN1NxXR8=
Fetching markets for exchange_id 2
Fetching and checking selection prices for market_id 
Fetching and checking selection prices for market_id 100470762
Fetching and checking selection prices for market_id 100470763
Fetching and checking selection prices for market_id 100470764
Fetching and checking selection prices for market_id 100470765
Fetching and checking selection prices for market_id 100470766
Fetching and checking selection prices for market_id 100470767
Fetching and checking selection prices for market_id 100470768
Fetching and checking selection prices for market_id 100470769
Fetching and checking selection prices for market_id 100470770
Fetching and checking selection prices for market_id 100470771
Fetching and checking selection prices for market_id 100470772
Fetching and checking selection prices for market_id 100470773
Fetching and checking selection prices for market_id 100470774
Fetching and checking selection prices for market_id 100470775
Fetching and checking selection prices for market_id 100470776
Fetching and checking selection prices for market_id 100470777
Fetching and checking selection prices for market_id 100470778
Fetching and checking selection prices for market_id 100470779
Fetching and checking selection prices for market_id 100470780
Fetching and checking selection prices for market_id 100470781
Fetching and checking selection prices for market_id 100470782
Fetching and checking selection prices for market_id 100470783
Fetching and checking selection prices for market_id 100470784
Fetching and checking selection prices for market_id 100470785
Fetching and checking selection prices for market_id 100470786
Fetching and checking selection prices for market_id 100470787
Fetching and checking selection prices for market_id 100470788
Fetching and checking selection prices for market_id 100470789
Fetching and checking selection prices for market_id 100470790
Fetching and checking selection prices for market_id 100470791
Fetching and checking selection prices for market_id 100470792
Fetching and checking selection prices for market_id 100470793
Fetching and checking selection prices for market_id 100470794
Fetching and checking selection prices for market_id 100470795
Fetching and checking selection prices for market_id 100470796
Fetching and checking selection prices for market_id 100470797
Fetching and checking selection prices for market_id 100470798
Fetching and checking selection prices for market_id 100470799
Fetching and checking selection prices for market_id 100470800
Checking whether any bets have been placed for market_id 100470800
Checking prices for selection_id 4618226
Checking prices for selection_id 6233541
Checking prices for selection_id 5648531
Checking prices for selection_id 3715842
Checking prices for selection_id 5310785
Checking prices for selection_id 4420388
Checking prices for selection_id 6233542
Checking prices for selection_id 6233543
Checking prices for selection_id 5356513
Logging in to Betfair with username scrumpydog. Session token returned 83M8/mtmNO39lc3XEljHXKwyZXJwZUlG0UHDZPkniho=
Starting loop - fetching odds on horses from AUS
Fetching markets
Fetching and checking selection prices for market_id 
Fetching and checking selection prices for market_id 100470772
Fetching and checking selection prices for market_id 100470773
Fetching and checking selection prices for market_id 100470804
Checking whether any bets have been placed for market_id 100470804
Checking prices for selection_id 6223156
Checking prices for selection_id 5480911
Checking prices for selection_id 5766826
Checking prices for selection_id 6233550
Checking prices for selection_id 6104095
Checking prices for selection_id 5915466
Checking prices for selection_id 6169592
Checking prices for selection_id 5988332
Checking prices for selection_id 6202393
Checking prices for selection_id 5970835
Checking prices for selection_id 6233551
Checking prices for selection_id 6136141
Logging in to Betfair with username scrumpydog. Session token returned uXggUWhvpykavaWjqS57cyBejtjhpQeryt0f2l5cUVw=
Starting loop - fetching odds on horses from AUS
Fetching markets
Logging in to Betfair with username scrumpydog. Session token returned 3AK6NSRvP81rJDdgTbUOJ7I1E3OPRfvBn2PdLxyboFs=
Starting loop - fetching odds on horses from AUS
Fetching markets
Logging in to Betfair with username scrumpydog. Session token returned vNinv2Jjw5fV6x4n4gzF0JuYB+luREX+kYcxK75G2lk=
Starting loop - fetching odds on horses from AUS
Fetching markets
Logging in to Betfair with username scrumpydog. Session token returned 4DqvbzQYxxNeohlaEZLMeWzQMFyF2HpS8Yw05Zy+S9E=
Starting loop - fetching odds on horses from AUS
Fetching markets
Markets {:"@xsi:type"=>"xsd:string"}
Logging in to Betfair with username scrumpydog. Session token returned iB5dz/TKyHCUw+X5cId6JDJSyouOe93u7A72ioawtys=
Starting loop - fetching odds on horses from AUS
Fetching markets
Markets {:"@xsi:type"=>"xsd:string"}
Logging in to Betfair with username scrumpydog. Session token returned 3PJHB2Q1Z+xA0Jml5gZVF818iUwoG7tHRbFYHI6J2eo=
Starting loop - fetching odds on horses from AUS
Fetching markets
Markets {:"@xsi:type"=>"xsd:string"}
No markets found, going to sleep for 30 seconds
Starting loop - fetching odds on horses from AUS
Fetching markets
Markets {:"@xsi:type"=>"xsd:string"}
No markets found, going to sleep for 30 seconds
Starting loop - fetching odds on horses from AUS
Fetching markets
Markets {:"@xsi:type"=>"xsd:string"}
No markets found, going to sleep for 30 seconds
Logging in to Betfair with username scrumpydog. Session token returned lhEuVlJKHn53zE+0Eao9/LcAy0gl2so+BUYYUy0BAgI=
Starting loop - fetching odds on horses from AUS
Fetching markets
No markets found, going to sleep for 30 seconds
Fetching markets
No markets found, going to sleep for 30 seconds
Fetching markets
No markets found, going to sleep for 30 seconds
I, [2012-03-13T14:01:00.603638 #19917]  INFO -- : "Logging in to Betfair with username scrumpydog. Session token returned Qa+OtD7lhKznm/fhkgkFbTqQ/gYL4cp/LHToe8xrsf8="
I, [2012-03-13T14:01:00.614819 #19917]  INFO -- : "Starting loop - fetching odds on horses from AUS"
I, [2012-03-13T14:01:00.614994 #19917]  INFO -- : "Fetching markets"
I, [2012-03-13T14:01:02.765729 #19917]  INFO -- : "No markets found, going to sleep for 30 seconds"
I, [2012-03-13T14:01:32.767592 #19917]  INFO -- : "Fetching markets"
I, [2012-03-13T14:01:34.781168 #19917]  INFO -- : "No markets found, going to sleep for 30 seconds"
I, [2012-03-13T14:02:04.781999 #19917]  INFO -- : "Fetching markets"
I, [2012-03-13T14:02:07.245125 #19917]  INFO -- : "No markets found, going to sleep for 30 seconds"
I, [2012-03-13T14:02:53.707124 #19935]  INFO -- : scrumpydog - "Logging in to Betfair with username scrumpydog. Session token returned fpRtx+9ijetBTt4YDuCwNH5Q542ciJQkuhBUibiHHoA="
I, [2012-03-13T14:02:53.707841 #19935]  INFO -- : scrumpydog - "Starting loop - fetching odds on horses from AUS"
I, [2012-03-13T14:02:53.707912 #19935]  INFO -- : scrumpydog - "Fetching markets"
I, [2012-03-13T14:02:57.528970 #19935]  INFO -- : scrumpydog - "No markets found, going to sleep for 30 seconds"
I, [2012-03-13T14:03:27.530026 #19935]  INFO -- : scrumpydog - "Fetching markets"
I, [2012-03-13T14:03:29.520201 #19935]  INFO -- : scrumpydog - "No markets found, going to sleep for 30 seconds"
I, [2012-03-13T14:03:53.280679 #19943]  INFO -- : lukebyrne - "Logging in to Betfair with username lukebyrne. Session token returned tp4VZ66l8AHLegE5YRU1zkTVaucT6CvHfZgQUlf1iAI="
I, [2012-03-13T14:03:53.280968 #19943]  INFO -- : lukebyrne - "Starting loop - fetching odds on horses from AUS"
I, [2012-03-13T14:03:53.281078 #19943]  INFO -- : lukebyrne - "Fetching markets"
I, [2012-03-13T14:03:54.419154 #19943]  INFO -- : lukebyrne - "Fetching and checking selection prices for market_id "
I, [2012-03-13T14:03:54.419331 #19943]  INFO -- : lukebyrne - "Fetching and checking selection prices for market_id 100470774"
I, [2012-03-13T14:03:54.419453 #19943]  INFO -- : lukebyrne - "Fetching and checking selection prices for market_id 100470775"
I, [2012-03-13T14:03:54.419550 #19943]  INFO -- : lukebyrne - "Fetching and checking selection prices for market_id 100470806"
I, [2012-03-13T14:03:54.419810 #19943]  INFO -- : lukebyrne - "Checking whether any bets have been placed for market_id 100470806"
I, [2012-03-13T14:03:55.841002 #19943]  INFO -- : lukebyrne - "Checking price for selection_id 6177218 for suitable bet"
I, [2012-03-13T14:03:55.841172 #19943]  INFO -- : lukebyrne - "Checking price for selection_id 4797677 for suitable bet"
I, [2012-03-13T14:03:55.841244 #19943]  INFO -- : lukebyrne - "Checking price for selection_id 6032491 for suitable bet"
I, [2012-03-13T14:03:55.841379 #19943]  INFO -- : lukebyrne - "Checking price for selection_id 6233554 for suitable bet"
I, [2012-03-13T14:03:55.841489 #19943]  INFO -- : lukebyrne - "Checking price for selection_id 5569557 for suitable bet"
I, [2012-03-13T14:03:55.841560 #19943]  INFO -- : lukebyrne - "Checking price for selection_id 6233555 for suitable bet"
I, [2012-03-13T14:03:55.841917 #19943]  INFO -- : lukebyrne - "Checking price for selection_id 2360890 for suitable bet"
I, [2012-03-13T14:03:55.841993 #19943]  INFO -- : lukebyrne - "Checking price for selection_id 6233556 for suitable bet"
I, [2012-03-13T14:03:55.842086 #19943]  INFO -- : lukebyrne - "Checking price for selection_id 6233557 for suitable bet"
I, [2012-03-13T14:03:55.842169 #19943]  INFO -- : lukebyrne - "Checking price for selection_id 4727692 for suitable bet"
I, [2012-03-13T14:03:55.842294 #19943]  INFO -- : lukebyrne - "Checking price for selection_id 5956483 for suitable bet"
I, [2012-03-13T14:03:55.842361 #19943]  INFO -- : lukebyrne - "Checking price for selection_id 6133441 for suitable bet"
I, [2012-03-13T14:03:55.842432 #19943]  INFO -- : lukebyrne - "Checking price for selection_id 5255987 for suitable bet"
I, [2012-03-13T14:03:55.842568 #19943]  INFO -- : lukebyrne - "Checking price for selection_id 6036915 for suitable bet"
I, [2012-03-13T14:03:55.842821 #19943]  INFO -- : lukebyrne - "Error - SimpleBot.run - can't convert Symbol into Integer\n\n(TypeError)\n\n[\"betfair/examples/doh.rb:74:in `[]'\", \"betfair/examples/doh.rb:74:in `block in check_runners'\", \"betfair/examples/doh.rb:73:in `each'\", \"betfair/examples/doh.rb:73:in `check_runners'\", \"betfair/examples/doh.rb:68:in `check_market'\", \"betfair/examples/doh.rb:51:in `block (2 levels) in run'\", \"betfair/examples/doh.rb:51:in `each'\", \"betfair/examples/doh.rb:51:in `block in run'\", \"betfair/examples/doh.rb:47:in `loop'\", \"betfair/examples/doh.rb:47:in `run'\", \"betfair/examples/doh.rb:100:in `<main>'\"]\n\n"
I, [2012-03-13T14:10:29.049254 #19991]  INFO -- : lukebyrne - "Logging in to Betfair with username lukebyrne. Session token returned mxlPxzhYtl7WBAJqGJ8lRwuoj8NUuwM0yr1FYhe2Uz4="
I, [2012-03-13T14:10:29.049460 #19991]  INFO -- : lukebyrne - "Starting loop - fetching odds on horses from AUS"
I, [2012-03-13T14:10:29.049565 #19991]  INFO -- : lukebyrne - "Fetching markets"
I, [2012-03-13T14:10:30.623388 #19991]  INFO -- : lukebyrne - "Fetching and checking selection prices for market_id "
I, [2012-03-13T14:10:30.623561 #19991]  INFO -- : lukebyrne - "Fetching and checking selection prices for market_id 100470774"
I, [2012-03-13T14:10:30.623635 #19991]  INFO -- : lukebyrne - "Fetching and checking selection prices for market_id 100470775"
I, [2012-03-13T14:10:30.623787 #19991]  INFO -- : lukebyrne - "Fetching and checking selection prices for market_id 100470790"
I, [2012-03-13T14:10:30.623934 #19991]  INFO -- : lukebyrne - "Fetching and checking selection prices for market_id 100470791"
I, [2012-03-13T14:10:30.624113 #19991]  INFO -- : lukebyrne - "Fetching and checking selection prices for market_id 100470806"
I, [2012-03-13T14:10:30.624261 #19991]  INFO -- : lukebyrne - "Checking whether any bets have been placed for market_id 100470806"
I, [2012-03-13T14:10:32.067321 #19991]  INFO -- : lukebyrne - "Checking price for selection_id 6177218 for suitable bet"
I, [2012-03-13T14:10:32.067516 #19991]  INFO -- : lukebyrne - "Checking price for selection_id 4797677 for suitable bet"
I, [2012-03-13T14:10:32.067601 #19991]  INFO -- : lukebyrne - "Checking price for selection_id 6032491 for suitable bet"
I, [2012-03-13T14:10:32.067727 #19991]  INFO -- : lukebyrne - "Checking price for selection_id 6233554 for suitable bet"
I, [2012-03-13T14:10:32.067800 #19991]  INFO -- : lukebyrne - "Checking price for selection_id 5569557 for suitable bet"
I, [2012-03-13T14:10:32.067911 #19991]  INFO -- : lukebyrne - "Checking price for selection_id 6233555 for suitable bet"
I, [2012-03-13T14:10:32.067979 #19991]  INFO -- : lukebyrne - "Checking price for selection_id 2360890 for suitable bet"
I, [2012-03-13T14:10:32.068085 #19991]  INFO -- : lukebyrne - "Checking price for selection_id 6233556 for suitable bet"
I, [2012-03-13T14:10:32.068165 #19991]  INFO -- : lukebyrne - "Checking price for selection_id 6233557 for suitable bet"
I, [2012-03-13T14:10:32.068251 #19991]  INFO -- : lukebyrne - "Checking price for selection_id 4727692 for suitable bet"
I, [2012-03-13T14:10:32.068364 #19991]  INFO -- : lukebyrne - "Checking price for selection_id 5956483 for suitable bet"
I, [2012-03-13T14:10:32.068480 #19991]  INFO -- : lukebyrne - "Checking price for selection_id 6133441 for suitable bet"
I, [2012-03-13T14:10:32.068573 #19991]  INFO -- : lukebyrne - "Checking price for selection_id 5255987 for suitable bet"
I, [2012-03-13T14:10:32.068652 #19991]  INFO -- : lukebyrne - "Checking price for selection_id 6036915 for suitable bet"
I, [2012-03-13T14:10:32.068842 #19991]  INFO -- : lukebyrne - "Error - SimpleBot.check_runners - can't convert Symbol into Integer\n\n(TypeError)\n\n[\"betfair/examples/doh.rb:80:in `[]'\", \"betfair/examples/doh.rb:80:in `block in check_runners'\", \"betfair/examples/doh.rb:79:in `each'\", \"betfair/examples/doh.rb:79:in `check_runners'\", \"betfair/examples/doh.rb:70:in `check_market'\", \"betfair/examples/doh.rb:52:in `block (2 levels) in run'\", \"betfair/examples/doh.rb:52:in `each'\", \"betfair/examples/doh.rb:52:in `block in run'\", \"betfair/examples/doh.rb:48:in `loop'\", \"betfair/examples/doh.rb:48:in `run'\", \"betfair/examples/doh.rb:117:in `<main>'\"]\n\n"
I, [2012-03-13T14:10:32.068939 #19991]  INFO -- : lukebyrne - "Fetching and checking selection prices for market_id 100470807"
I, [2012-03-13T14:10:32.069010 #19991]  INFO -- : lukebyrne - "Fetching and checking selection prices for market_id 100470834"
I, [2012-03-13T14:10:32.069081 #19991]  INFO -- : lukebyrne - "Fetching and checking selection prices for market_id 100470835"
I, [2012-03-13T14:10:32.069149 #19991]  INFO -- : lukebyrne - "Fetching and checking selection prices for market_id 100470852"
I, [2012-03-13T14:10:32.069218 #19991]  INFO -- : lukebyrne - "Fetching and checking selection prices for market_id 100470853"
I, [2012-03-13T14:10:32.069282 #19991]  INFO -- : lukebyrne - "Fetching markets"
I, [2012-03-13T14:10:32.489873 #19991]  INFO -- : lukebyrne - "Fetching and checking selection prices for market_id "
I, [2012-03-13T14:10:32.490065 #19991]  INFO -- : lukebyrne - "Fetching and checking selection prices for market_id 100470774"
I, [2012-03-13T14:10:32.490140 #19991]  INFO -- : lukebyrne - "Fetching and checking selection prices for market_id 100470775"
I, [2012-03-13T14:10:32.490270 #19991]  INFO -- : lukebyrne - "Fetching and checking selection prices for market_id 100470790"
I, [2012-03-13T14:10:32.490639 #19991]  INFO -- : lukebyrne - "Fetching and checking selection prices for market_id 100470791"
I, [2012-03-13T14:10:32.490712 #19991]  INFO -- : lukebyrne - "Fetching and checking selection prices for market_id 100470806"
I, [2012-03-13T14:10:32.490837 #19991]  INFO -- : lukebyrne - "Checking whether any bets have been placed for market_id 100470806"
I, [2012-03-13T14:10:33.401400 #19991]  INFO -- : lukebyrne - "Checking price for selection_id 6177218 for suitable bet"
I, [2012-03-13T14:10:33.401574 #19991]  INFO -- : lukebyrne - "Checking price for selection_id 4797677 for suitable bet"
I, [2012-03-13T14:10:33.401643 #19991]  INFO -- : lukebyrne - "Checking price for selection_id 6032491 for suitable bet"
I, [2012-03-13T14:10:33.401709 #19991]  INFO -- : lukebyrne - "Checking price for selection_id 6233554 for suitable bet"
I, [2012-03-13T14:10:33.401775 #19991]  INFO -- : lukebyrne - "Checking price for selection_id 5569557 for suitable bet"
I, [2012-03-13T14:10:33.401841 #19991]  INFO -- : lukebyrne - "Checking price for selection_id 6233555 for suitable bet"
I, [2012-03-13T14:10:33.401905 #19991]  INFO -- : lukebyrne - "Checking price for selection_id 2360890 for suitable bet"
I, [2012-03-13T14:10:33.401971 #19991]  INFO -- : lukebyrne - "Checking price for selection_id 6233556 for suitable bet"
I, [2012-03-13T14:10:33.402036 #19991]  INFO -- : lukebyrne - "Checking price for selection_id 6233557 for suitable bet"
I, [2012-03-13T14:10:33.402101 #19991]  INFO -- : lukebyrne - "Checking price for selection_id 4727692 for suitable bet"
I, [2012-03-13T14:10:33.402166 #19991]  INFO -- : lukebyrne - "Checking price for selection_id 5956483 for suitable bet"
I, [2012-03-13T14:10:33.402231 #19991]  INFO -- : lukebyrne - "Checking price for selection_id 6133441 for suitable bet"
I, [2012-03-13T14:10:33.402295 #19991]  INFO -- : lukebyrne - "Checking price for selection_id 5255987 for suitable bet"
I, [2012-03-13T14:10:33.402359 #19991]  INFO -- : lukebyrne - "Checking price for selection_id 6036915 for suitable bet"
I, [2012-03-13T14:10:33.402488 #19991]  INFO -- : lukebyrne - "Error - SimpleBot.check_runners - can't convert Symbol into Integer\n\n(TypeError)\n\n[\"betfair/examples/doh.rb:80:in `[]'\", \"betfair/examples/doh.rb:80:in `block in check_runners'\", \"betfair/examples/doh.rb:79:in `each'\", \"betfair/examples/doh.rb:79:in `check_runners'\", \"betfair/examples/doh.rb:70:in `check_market'\", \"betfair/examples/doh.rb:52:in `block (2 levels) in run'\", \"betfair/examples/doh.rb:52:in `each'\", \"betfair/examples/doh.rb:52:in `block in run'\", \"betfair/examples/doh.rb:48:in `loop'\", \"betfair/examples/doh.rb:48:in `run'\", \"betfair/examples/doh.rb:117:in `<main>'\"]\n\n"
I, [2012-03-13T14:10:33.402568 #19991]  INFO -- : lukebyrne - "Fetching and checking selection prices for market_id 100470807"
I, [2012-03-13T14:10:33.402638 #19991]  INFO -- : lukebyrne - "Fetching and checking selection prices for market_id 100470834"
I, [2012-03-13T14:10:33.402707 #19991]  INFO -- : lukebyrne - "Fetching and checking selection prices for market_id 100470835"
I, [2012-03-13T14:10:33.402774 #19991]  INFO -- : lukebyrne - "Fetching and checking selection prices for market_id 100470852"
I, [2012-03-13T14:10:33.402844 #19991]  INFO -- : lukebyrne - "Fetching and checking selection prices for market_id 100470853"
I, [2012-03-13T14:10:33.402907 #19991]  INFO -- : lukebyrne - "Fetching markets"
I, [2012-03-13T14:10:33.836409 #19991]  INFO -- : lukebyrne - "Fetching and checking selection prices for market_id "
I, [2012-03-13T14:10:33.836607 #19991]  INFO -- : lukebyrne - "Fetching and checking selection prices for market_id 100470774"
I, [2012-03-13T14:10:33.836681 #19991]  INFO -- : lukebyrne - "Fetching and checking selection prices for market_id 100470775"
I, [2012-03-13T14:10:33.836752 #19991]  INFO -- : lukebyrne - "Fetching and checking selection prices for market_id 100470790"
I, [2012-03-13T14:10:33.836823 #19991]  INFO -- : lukebyrne - "Fetching and checking selection prices for market_id 100470791"
I, [2012-03-13T14:10:33.836893 #19991]  INFO -- : lukebyrne - "Fetching and checking selection prices for market_id 100470806"
I, [2012-03-13T14:10:33.836964 #19991]  INFO -- : lukebyrne - "Checking whether any bets have been placed for market_id 100470806"
I, [2012-03-13T14:10:34.831640 #19991]  INFO -- : lukebyrne - "Checking price for selection_id 6177218 for suitable bet"
I, [2012-03-13T14:10:34.831920 #19991]  INFO -- : lukebyrne - "Checking price for selection_id 4797677 for suitable bet"
I, [2012-03-13T14:10:34.832023 #19991]  INFO -- : lukebyrne - "Checking price for selection_id 6032491 for suitable bet"
I, [2012-03-13T14:10:34.832133 #19991]  INFO -- : lukebyrne - "Checking price for selection_id 6233554 for suitable bet"
I, [2012-03-13T14:10:34.832202 #19991]  INFO -- : lukebyrne - "Checking price for selection_id 5569557 for suitable bet"
I, [2012-03-13T14:10:34.832283 #19991]  INFO -- : lukebyrne - "Checking price for selection_id 6233555 for suitable bet"
I, [2012-03-13T14:10:34.832351 #19991]  INFO -- : lukebyrne - "Checking price for selection_id 2360890 for suitable bet"
I, [2012-03-13T14:10:34.832415 #19991]  INFO -- : lukebyrne - "Checking price for selection_id 6233556 for suitable bet"
I, [2012-03-13T14:10:34.832520 #19991]  INFO -- : lukebyrne - "Checking price for selection_id 6233557 for suitable bet"
I, [2012-03-13T14:10:34.832607 #19991]  INFO -- : lukebyrne - "Checking price for selection_id 4727692 for suitable bet"
I, [2012-03-13T14:10:34.832672 #19991]  INFO -- : lukebyrne - "Checking price for selection_id 5956483 for suitable bet"
I, [2012-03-13T14:10:34.832737 #19991]  INFO -- : lukebyrne - "Checking price for selection_id 6133441 for suitable bet"
I, [2012-03-13T14:10:34.832802 #19991]  INFO -- : lukebyrne - "Checking price for selection_id 5255987 for suitable bet"
I, [2012-03-13T14:10:34.832904 #19991]  INFO -- : lukebyrne - "Checking price for selection_id 6036915 for suitable bet"
I, [2012-03-13T14:10:34.833075 #19991]  INFO -- : lukebyrne - "Error - SimpleBot.check_runners - can't convert Symbol into Integer\n\n(TypeError)\n\n[\"betfair/examples/doh.rb:80:in `[]'\", \"betfair/examples/doh.rb:80:in `block in check_runners'\", \"betfair/examples/doh.rb:79:in `each'\", \"betfair/examples/doh.rb:79:in `check_runners'\", \"betfair/examples/doh.rb:70:in `check_market'\", \"betfair/examples/doh.rb:52:in `block (2 levels) in run'\", \"betfair/examples/doh.rb:52:in `each'\", \"betfair/examples/doh.rb:52:in `block in run'\", \"betfair/examples/doh.rb:48:in `loop'\", \"betfair/examples/doh.rb:48:in `run'\", \"betfair/examples/doh.rb:117:in `<main>'\"]\n\n"
I, [2012-03-13T14:10:34.833161 #19991]  INFO -- : lukebyrne - "Fetching and checking selection prices for market_id 100470807"
I, [2012-03-13T14:10:34.833231 #19991]  INFO -- : lukebyrne - "Fetching and checking selection prices for market_id 100470834"
I, [2012-03-13T14:10:34.833302 #19991]  INFO -- : lukebyrne - "Fetching and checking selection prices for market_id 100470835"
I, [2012-03-13T14:10:34.833370 #19991]  INFO -- : lukebyrne - "Fetching and checking selection prices for market_id 100470852"
I, [2012-03-13T14:10:34.833439 #19991]  INFO -- : lukebyrne - "Fetching and checking selection prices for market_id 100470853"
I, [2012-03-13T14:10:34.833503 #19991]  INFO -- : lukebyrne - "Fetching markets"
I, [2012-03-13T14:10:35.615529 #19991]  INFO -- : lukebyrne - "Fetching and checking selection prices for market_id "
I, [2012-03-13T14:10:35.615699 #19991]  INFO -- : lukebyrne - "Fetching and checking selection prices for market_id 100470774"
I, [2012-03-13T14:10:35.615804 #19991]  INFO -- : lukebyrne - "Fetching and checking selection prices for market_id 100470775"
I, [2012-03-13T14:10:35.615877 #19991]  INFO -- : lukebyrne - "Fetching and checking selection prices for market_id 100470790"
I, [2012-03-13T14:10:35.615947 #19991]  INFO -- : lukebyrne - "Fetching and checking selection prices for market_id 100470791"
I, [2012-03-13T14:10:35.616016 #19991]  INFO -- : lukebyrne - "Fetching and checking selection prices for market_id 100470806"
I, [2012-03-13T14:10:35.616089 #19991]  INFO -- : lukebyrne - "Checking whether any bets have been placed for market_id 100470806"
I, [2012-03-13T14:10:36.566562 #19991]  INFO -- : lukebyrne - "Checking price for selection_id 6177218 for suitable bet"
I, [2012-03-13T14:10:36.566735 #19991]  INFO -- : lukebyrne - "Checking price for selection_id 4797677 for suitable bet"
I, [2012-03-13T14:10:36.566813 #19991]  INFO -- : lukebyrne - "Checking price for selection_id 6032491 for suitable bet"
I, [2012-03-13T14:10:36.567355 #19991]  INFO -- : lukebyrne - "Checking price for selection_id 6233554 for suitable bet"
I, [2012-03-13T14:10:36.567779 #19991]  INFO -- : lukebyrne - "Checking price for selection_id 5569557 for suitable bet"
I, [2012-03-13T14:10:36.567861 #19991]  INFO -- : lukebyrne - "Checking price for selection_id 6233555 for suitable bet"
I, [2012-03-13T14:10:36.567930 #19991]  INFO -- : lukebyrne - "Checking price for selection_id 2360890 for suitable bet"
I, [2012-03-13T14:10:36.567997 #19991]  INFO -- : lukebyrne - "Checking price for selection_id 6233556 for suitable bet"
I, [2012-03-13T14:10:36.568062 #19991]  INFO -- : lukebyrne - "Checking price for selection_id 6233557 for suitable bet"
I, [2012-03-13T14:10:36.568128 #19991]  INFO -- : lukebyrne - "Checking price for selection_id 4727692 for suitable bet"
I, [2012-03-13T14:10:36.568194 #19991]  INFO -- : lukebyrne - "Checking price for selection_id 5956483 for suitable bet"
I, [2012-03-13T14:10:36.568260 #19991]  INFO -- : lukebyrne - "Checking price for selection_id 6133441 for suitable bet"
I, [2012-03-13T14:10:36.568327 #19991]  INFO -- : lukebyrne - "Checking price for selection_id 5255987 for suitable bet"
I, [2012-03-13T14:10:36.568392 #19991]  INFO -- : lukebyrne - "Checking price for selection_id 6036915 for suitable bet"
I, [2012-03-13T14:10:36.568528 #19991]  INFO -- : lukebyrne - "Error - SimpleBot.check_runners - can't convert Symbol into Integer\n\n(TypeError)\n\n[\"betfair/examples/doh.rb:80:in `[]'\", \"betfair/examples/doh.rb:80:in `block in check_runners'\", \"betfair/examples/doh.rb:79:in `each'\", \"betfair/examples/doh.rb:79:in `check_runners'\", \"betfair/examples/doh.rb:70:in `check_market'\", \"betfair/examples/doh.rb:52:in `block (2 levels) in run'\", \"betfair/examples/doh.rb:52:in `each'\", \"betfair/examples/doh.rb:52:in `block in run'\", \"betfair/examples/doh.rb:48:in `loop'\", \"betfair/examples/doh.rb:48:in `run'\", \"betfair/examples/doh.rb:117:in `<main>'\"]\n\n"
I, [2012-03-13T14:10:36.568764 #19991]  INFO -- : lukebyrne - "Fetching and checking selection prices for market_id 100470807"
I, [2012-03-13T14:10:36.568885 #19991]  INFO -- : lukebyrne - "Fetching and checking selection prices for market_id 100470834"
I, [2012-03-13T14:10:36.568960 #19991]  INFO -- : lukebyrne - "Fetching and checking selection prices for market_id 100470835"
I, [2012-03-13T14:10:36.569163 #19991]  INFO -- : lukebyrne - "Fetching and checking selection prices for market_id 100470852"
I, [2012-03-13T14:10:36.569281 #19991]  INFO -- : lukebyrne - "Fetching and checking selection prices for market_id 100470853"
I, [2012-03-13T14:10:36.569349 #19991]  INFO -- : lukebyrne - "Fetching markets"
I, [2012-03-13T14:10:36.993280 #19991]  INFO -- : lukebyrne - "Fetching and checking selection prices for market_id "
I, [2012-03-13T14:10:36.993454 #19991]  INFO -- : lukebyrne - "Fetching and checking selection prices for market_id 100470774"
I, [2012-03-13T14:10:36.993528 #19991]  INFO -- : lukebyrne - "Fetching and checking selection prices for market_id 100470775"
I, [2012-03-13T14:10:36.993688 #19991]  INFO -- : lukebyrne - "Fetching and checking selection prices for market_id 100470790"
I, [2012-03-13T14:10:36.993808 #19991]  INFO -- : lukebyrne - "Fetching and checking selection prices for market_id 100470791"
I, [2012-03-13T14:10:36.993882 #19991]  INFO -- : lukebyrne - "Fetching and checking selection prices for market_id 100470806"
I, [2012-03-13T14:10:36.993982 #19991]  INFO -- : lukebyrne - "Checking whether any bets have been placed for market_id 100470806"
I, [2012-03-13T14:10:38.268180 #19991]  INFO -- : lukebyrne - "Checking price for selection_id 6177218 for suitable bet"
I, [2012-03-13T14:10:38.268370 #19991]  INFO -- : lukebyrne - "Checking price for selection_id 4797677 for suitable bet"
I, [2012-03-13T14:10:38.268439 #19991]  INFO -- : lukebyrne - "Checking price for selection_id 6032491 for suitable bet"
I, [2012-03-13T14:10:38.268564 #19991]  INFO -- : lukebyrne - "Checking price for selection_id 6233554 for suitable bet"
I, [2012-03-13T14:10:38.268637 #19991]  INFO -- : lukebyrne - "Checking price for selection_id 5569557 for suitable bet"
I, [2012-03-13T14:10:38.268746 #19991]  INFO -- : lukebyrne - "Checking price for selection_id 6233555 for suitable bet"
I, [2012-03-13T14:10:38.268816 #19991]  INFO -- : lukebyrne - "Checking price for selection_id 2360890 for suitable bet"
I, [2012-03-13T14:10:38.268917 #19991]  INFO -- : lukebyrne - "Checking price for selection_id 6233556 for suitable bet"
I, [2012-03-13T14:10:38.268986 #19991]  INFO -- : lukebyrne - "Checking price for selection_id 6233557 for suitable bet"
I, [2012-03-13T14:10:38.269081 #19991]  INFO -- : lukebyrne - "Checking price for selection_id 4727692 for suitable bet"
I, [2012-03-13T14:10:38.269149 #19991]  INFO -- : lukebyrne - "Checking price for selection_id 5956483 for suitable bet"
I, [2012-03-13T14:10:38.269247 #19991]  INFO -- : lukebyrne - "Checking price for selection_id 6133441 for suitable bet"
I, [2012-03-13T14:10:38.269341 #19991]  INFO -- : lukebyrne - "Checking price for selection_id 5255987 for suitable bet"
I, [2012-03-13T14:10:38.269410 #19991]  INFO -- : lukebyrne - "Checking price for selection_id 6036915 for suitable bet"
I, [2012-03-13T14:10:38.269583 #19991]  INFO -- : lukebyrne - "Error - SimpleBot.check_runners - can't convert Symbol into Integer\n\n(TypeError)\n\n[\"betfair/examples/doh.rb:80:in `[]'\", \"betfair/examples/doh.rb:80:in `block in check_runners'\", \"betfair/examples/doh.rb:79:in `each'\", \"betfair/examples/doh.rb:79:in `check_runners'\", \"betfair/examples/doh.rb:70:in `check_market'\", \"betfair/examples/doh.rb:52:in `block (2 levels) in run'\", \"betfair/examples/doh.rb:52:in `each'\", \"betfair/examples/doh.rb:52:in `block in run'\", \"betfair/examples/doh.rb:48:in `loop'\", \"betfair/examples/doh.rb:48:in `run'\", \"betfair/examples/doh.rb:117:in `<main>'\"]\n\n"
I, [2012-03-13T14:10:38.269682 #19991]  INFO -- : lukebyrne - "Fetching and checking selection prices for market_id 100470807"
I, [2012-03-13T14:10:38.269782 #19991]  INFO -- : lukebyrne - "Fetching and checking selection prices for market_id 100470834"
I, [2012-03-13T14:10:38.269869 #19991]  INFO -- : lukebyrne - "Fetching and checking selection prices for market_id 100470835"
I, [2012-03-13T14:10:38.269956 #19991]  INFO -- : lukebyrne - "Fetching and checking selection prices for market_id 100470852"
I, [2012-03-13T14:10:38.270054 #19991]  INFO -- : lukebyrne - "Fetching and checking selection prices for market_id 100470853"
I, [2012-03-13T14:10:38.270177 #19991]  INFO -- : lukebyrne - "Fetching markets"
I, [2012-03-13T14:10:43.596157 #19991]  INFO -- : lukebyrne - "Fetching and checking selection prices for market_id "
I, [2012-03-13T14:10:43.596337 #19991]  INFO -- : lukebyrne - "Fetching and checking selection prices for market_id 100470774"
I, [2012-03-13T14:10:43.596410 #19991]  INFO -- : lukebyrne - "Fetching and checking selection prices for market_id 100470775"
I, [2012-03-13T14:10:43.596561 #19991]  INFO -- : lukebyrne - "Fetching and checking selection prices for market_id 100470790"
I, [2012-03-13T14:10:43.596697 #19991]  INFO -- : lukebyrne - "Fetching and checking selection prices for market_id 100470791"
I, [2012-03-13T14:10:43.596876 #19991]  INFO -- : lukebyrne - "Fetching and checking selection prices for market_id 100470806"
I, [2012-03-13T14:10:43.596949 #19991]  INFO -- : lukebyrne - "Checking whether any bets have been placed for market_id 100470806"
I, [2012-03-13T14:10:44.554136 #19991]  INFO -- : lukebyrne - "Checking price for selection_id 6177218 for suitable bet"
I, [2012-03-13T14:10:44.554307 #19991]  INFO -- : lukebyrne - "Checking price for selection_id 4797677 for suitable bet"
I, [2012-03-13T14:10:44.554377 #19991]  INFO -- : lukebyrne - "Checking price for selection_id 6032491 for suitable bet"
I, [2012-03-13T14:10:44.554503 #19991]  INFO -- : lukebyrne - "Checking price for selection_id 6233554 for suitable bet"
I, [2012-03-13T14:10:44.554576 #19991]  INFO -- : lukebyrne - "Checking price for selection_id 5569557 for suitable bet"
I, [2012-03-13T14:10:44.554688 #19991]  INFO -- : lukebyrne - "Checking price for selection_id 6233555 for suitable bet"
I, [2012-03-13T14:10:44.554756 #19991]  INFO -- : lukebyrne - "Checking price for selection_id 2360890 for suitable bet"
I, [2012-03-13T14:10:44.554858 #19991]  INFO -- : lukebyrne - "Checking price for selection_id 6233556 for suitable bet"
I, [2012-03-13T14:10:44.554953 #19991]  INFO -- : lukebyrne - "Checking price for selection_id 6233557 for suitable bet"
I, [2012-03-13T14:10:44.555051 #19991]  INFO -- : lukebyrne - "Checking price for selection_id 4727692 for suitable bet"
I, [2012-03-13T14:10:44.555144 #19991]  INFO -- : lukebyrne - "Checking price for selection_id 5956483 for suitable bet"
I, [2012-03-13T14:10:44.555212 #19991]  INFO -- : lukebyrne - "Checking price for selection_id 6133441 for suitable bet"
I, [2012-03-13T14:10:44.555309 #19991]  INFO -- : lukebyrne - "Checking price for selection_id 5255987 for suitable bet"
I, [2012-03-13T14:10:44.555387 #19991]  INFO -- : lukebyrne - "Checking price for selection_id 6036915 for suitable bet"
I, [2012-03-13T14:10:44.555565 #19991]  INFO -- : lukebyrne - "Error - SimpleBot.check_runners - can't convert Symbol into Integer\n\n(TypeError)\n\n[\"betfair/examples/doh.rb:80:in `[]'\", \"betfair/examples/doh.rb:80:in `block in check_runners'\", \"betfair/examples/doh.rb:79:in `each'\", \"betfair/examples/doh.rb:79:in `check_runners'\", \"betfair/examples/doh.rb:70:in `check_market'\", \"betfair/examples/doh.rb:52:in `block (2 levels) in run'\", \"betfair/examples/doh.rb:52:in `each'\", \"betfair/examples/doh.rb:52:in `block in run'\", \"betfair/examples/doh.rb:48:in `loop'\", \"betfair/examples/doh.rb:48:in `run'\", \"betfair/examples/doh.rb:117:in `<main>'\"]\n\n"
I, [2012-03-13T14:10:44.555704 #19991]  INFO -- : lukebyrne - "Fetching and checking selection prices for market_id 100470807"
I, [2012-03-13T14:10:44.555944 #19991]  INFO -- : lukebyrne - "Fetching and checking selection prices for market_id 100470834"
I, [2012-03-13T14:10:44.556075 #19991]  INFO -- : lukebyrne - "Fetching and checking selection prices for market_id 100470835"
I, [2012-03-13T14:10:44.556143 #19991]  INFO -- : lukebyrne - "Fetching and checking selection prices for market_id 100470852"
I, [2012-03-13T14:10:44.556212 #19991]  INFO -- : lukebyrne - "Fetching and checking selection prices for market_id 100470853"
I, [2012-03-13T14:10:44.556276 #19991]  INFO -- : lukebyrne - "Fetching markets"
I, [2012-03-13T14:10:44.956909 #19991]  INFO -- : lukebyrne - "Fetching and checking selection prices for market_id "
I, [2012-03-13T14:10:44.957079 #19991]  INFO -- : lukebyrne - "Fetching and checking selection prices for market_id 100470774"
I, [2012-03-13T14:10:44.957153 #19991]  INFO -- : lukebyrne - "Fetching and checking selection prices for market_id 100470775"
I, [2012-03-13T14:10:44.957283 #19991]  INFO -- : lukebyrne - "Fetching and checking selection prices for market_id 100470790"
I, [2012-03-13T14:10:44.957359 #19991]  INFO -- : lukebyrne - "Fetching and checking selection prices for market_id 100470791"
I, [2012-03-13T14:10:44.957504 #19991]  INFO -- : lukebyrne - "Fetching and checking selection prices for market_id 100470806"
I, [2012-03-13T14:10:44.957610 #19991]  INFO -- : lukebyrne - "Checking whether any bets have been placed for market_id 100470806"
I, [2012-03-13T14:10:45.842688 #19991]  INFO -- : lukebyrne - "Checking price for selection_id 6177218 for suitable bet"
I, [2012-03-13T14:10:45.842858 #19991]  INFO -- : lukebyrne - "Checking price for selection_id 4797677 for suitable bet"
I, [2012-03-13T14:10:45.842932 #19991]  INFO -- : lukebyrne - "Checking price for selection_id 6032491 for suitable bet"
I, [2012-03-13T14:10:45.843065 #19991]  INFO -- : lukebyrne - "Checking price for selection_id 6233554 for suitable bet"
I, [2012-03-13T14:10:45.843146 #19991]  INFO -- : lukebyrne - "Checking price for selection_id 5569557 for suitable bet"
I, [2012-03-13T14:10:45.843262 #19991]  INFO -- : lukebyrne - "Checking price for selection_id 6233555 for suitable bet"
I, [2012-03-13T14:10:45.843356 #19991]  INFO -- : lukebyrne - "Checking price for selection_id 2360890 for suitable bet"
I, [2012-03-13T14:10:45.843450 #19991]  INFO -- : lukebyrne - "Checking price for selection_id 6233556 for suitable bet"
I, [2012-03-13T14:10:45.843548 #19991]  INFO -- : lukebyrne - "Checking price for selection_id 6233557 for suitable bet"
I, [2012-03-13T14:10:45.859621 #19991]  INFO -- : lukebyrne - "Checking price for selection_id 4727692 for suitable bet"
I, [2012-03-13T14:10:45.859791 #19991]  INFO -- : lukebyrne - "Checking price for selection_id 5956483 for suitable bet"
I, [2012-03-13T14:10:45.859866 #19991]  INFO -- : lukebyrne - "Checking price for selection_id 6133441 for suitable bet"
I, [2012-03-13T14:10:45.859933 #19991]  INFO -- : lukebyrne - "Checking price for selection_id 5255987 for suitable bet"
I, [2012-03-13T14:10:45.860030 #19991]  INFO -- : lukebyrne - "Checking price for selection_id 6036915 for suitable bet"
I, [2012-03-13T14:10:45.860208 #19991]  INFO -- : lukebyrne - "Error - SimpleBot.check_runners - can't convert Symbol into Integer\n\n(TypeError)\n\n[\"betfair/examples/doh.rb:80:in `[]'\", \"betfair/examples/doh.rb:80:in `block in check_runners'\", \"betfair/examples/doh.rb:79:in `each'\", \"betfair/examples/doh.rb:79:in `check_runners'\", \"betfair/examples/doh.rb:70:in `check_market'\", \"betfair/examples/doh.rb:52:in `block (2 levels) in run'\", \"betfair/examples/doh.rb:52:in `each'\", \"betfair/examples/doh.rb:52:in `block in run'\", \"betfair/examples/doh.rb:48:in `loop'\", \"betfair/examples/doh.rb:48:in `run'\", \"betfair/examples/doh.rb:117:in `<main>'\"]\n\n"
I, [2012-03-13T14:10:45.860356 #19991]  INFO -- : lukebyrne - "Fetching and checking selection prices for market_id 100470807"
I, [2012-03-13T14:10:45.860583 #19991]  INFO -- : lukebyrne - "Fetching and checking selection prices for market_id 100470834"
I, [2012-03-13T14:10:45.860714 #19991]  INFO -- : lukebyrne - "Fetching and checking selection prices for market_id 100470835"
I, [2012-03-13T14:10:45.860781 #19991]  INFO -- : lukebyrne - "Fetching and checking selection prices for market_id 100470852"
I, [2012-03-13T14:10:45.860853 #19991]  INFO -- : lukebyrne - "Fetching and checking selection prices for market_id 100470853"
I, [2012-03-13T14:10:45.860917 #19991]  INFO -- : lukebyrne - "Fetching markets"
I, [2012-03-13T14:10:46.310851 #19991]  INFO -- : lukebyrne - "Fetching and checking selection prices for market_id "
I, [2012-03-13T14:10:46.311020 #19991]  INFO -- : lukebyrne - "Fetching and checking selection prices for market_id 100470774"
I, [2012-03-13T14:10:46.311096 #19991]  INFO -- : lukebyrne - "Fetching and checking selection prices for market_id 100470775"
I, [2012-03-13T14:10:46.311173 #19991]  INFO -- : lukebyrne - "Fetching and checking selection prices for market_id 100470790"
I, [2012-03-13T14:10:46.311245 #19991]  INFO -- : lukebyrne - "Fetching and checking selection prices for market_id 100470791"
I, [2012-03-13T14:10:46.311313 #19991]  INFO -- : lukebyrne - "Fetching and checking selection prices for market_id 100470806"
I, [2012-03-13T14:10:46.311409 #19991]  INFO -- : lukebyrne - "Checking whether any bets have been placed for market_id 100470806"
I, [2012-03-13T14:10:47.228683 #19991]  INFO -- : lukebyrne - "Checking price for selection_id 6177218 for suitable bet"
I, [2012-03-13T14:10:47.228872 #19991]  INFO -- : lukebyrne - "Checking price for selection_id 4797677 for suitable bet"
I, [2012-03-13T14:10:47.228942 #19991]  INFO -- : lukebyrne - "Checking price for selection_id 6032491 for suitable bet"
I, [2012-03-13T14:10:47.229010 #19991]  INFO -- : lukebyrne - "Checking price for selection_id 6233554 for suitable bet"
I, [2012-03-13T14:10:47.229078 #19991]  INFO -- : lukebyrne - "Checking price for selection_id 5569557 for suitable bet"
I, [2012-03-13T14:10:47.229145 #19991]  INFO -- : lukebyrne - "Checking price for selection_id 6233555 for suitable bet"
I, [2012-03-13T14:10:47.229212 #19991]  INFO -- : lukebyrne - "Checking price for selection_id 2360890 for suitable bet"
I, [2012-03-13T14:10:47.229281 #19991]  INFO -- : lukebyrne - "Checking price for selection_id 6233556 for suitable bet"
I, [2012-03-13T14:10:47.229348 #19991]  INFO -- : lukebyrne - "Checking price for selection_id 6233557 for suitable bet"
I, [2012-03-13T14:10:47.229415 #19991]  INFO -- : lukebyrne - "Checking price for selection_id 4727692 for suitable bet"
I, [2012-03-13T14:10:47.229482 #19991]  INFO -- : lukebyrne - "Checking price for selection_id 5956483 for suitable bet"
I, [2012-03-13T14:10:47.229549 #19991]  INFO -- : lukebyrne - "Checking price for selection_id 6133441 for suitable bet"
I, [2012-03-13T14:10:47.229618 #19991]  INFO -- : lukebyrne - "Checking price for selection_id 5255987 for suitable bet"
I, [2012-03-13T14:10:47.229686 #19991]  INFO -- : lukebyrne - "Checking price for selection_id 6036915 for suitable bet"
I, [2012-03-13T14:10:47.229820 #19991]  INFO -- : lukebyrne - "Error - SimpleBot.check_runners - can't convert Symbol into Integer\n\n(TypeError)\n\n[\"betfair/examples/doh.rb:80:in `[]'\", \"betfair/examples/doh.rb:80:in `block in check_runners'\", \"betfair/examples/doh.rb:79:in `each'\", \"betfair/examples/doh.rb:79:in `check_runners'\", \"betfair/examples/doh.rb:70:in `check_market'\", \"betfair/examples/doh.rb:52:in `block (2 levels) in run'\", \"betfair/examples/doh.rb:52:in `each'\", \"betfair/examples/doh.rb:52:in `block in run'\", \"betfair/examples/doh.rb:48:in `loop'\", \"betfair/examples/doh.rb:48:in `run'\", \"betfair/examples/doh.rb:117:in `<main>'\"]\n\n"
I, [2012-03-13T14:10:47.229905 #19991]  INFO -- : lukebyrne - "Fetching and checking selection prices for market_id 100470807"
I, [2012-03-13T14:10:47.229982 #19991]  INFO -- : lukebyrne - "Fetching and checking selection prices for market_id 100470834"
I, [2012-03-13T14:10:47.230058 #19991]  INFO -- : lukebyrne - "Fetching and checking selection prices for market_id 100470835"
I, [2012-03-13T14:10:47.230126 #19991]  INFO -- : lukebyrne - "Fetching and checking selection prices for market_id 100470852"
I, [2012-03-13T14:10:47.230194 #19991]  INFO -- : lukebyrne - "Fetching and checking selection prices for market_id 100470853"
I, [2012-03-13T14:10:47.230258 #19991]  INFO -- : lukebyrne - "Fetching markets"
I, [2012-03-13T14:10:47.768084 #19991]  INFO -- : lukebyrne - "Fetching and checking selection prices for market_id "
I, [2012-03-13T14:10:47.768256 #19991]  INFO -- : lukebyrne - "Fetching and checking selection prices for market_id 100470774"
I, [2012-03-13T14:10:47.768330 #19991]  INFO -- : lukebyrne - "Fetching and checking selection prices for market_id 100470775"
I, [2012-03-13T14:10:47.768400 #19991]  INFO -- : lukebyrne - "Fetching and checking selection prices for market_id 100470790"
I, [2012-03-13T14:10:47.768697 #19991]  INFO -- : lukebyrne - "Fetching and checking selection prices for market_id 100470791"
I, [2012-03-13T14:10:47.768956 #19991]  INFO -- : lukebyrne - "Fetching and checking selection prices for market_id 100470806"
I, [2012-03-13T14:10:47.769027 #19991]  INFO -- : lukebyrne - "Checking whether any bets have been placed for market_id 100470806"
I, [2012-03-13T14:10:48.628655 #19991]  INFO -- : lukebyrne - "Checking price for selection_id 6177218 for suitable bet"
I, [2012-03-13T14:10:48.628825 #19991]  INFO -- : lukebyrne - "Checking price for selection_id 4797677 for suitable bet"
I, [2012-03-13T14:10:48.628893 #19991]  INFO -- : lukebyrne - "Checking price for selection_id 6032491 for suitable bet"
I, [2012-03-13T14:10:48.629025 #19991]  INFO -- : lukebyrne - "Checking price for selection_id 6233554 for suitable bet"
I, [2012-03-13T14:10:48.629100 #19991]  INFO -- : lukebyrne - "Checking price for selection_id 5569557 for suitable bet"
I, [2012-03-13T14:10:48.629204 #19991]  INFO -- : lukebyrne - "Checking price for selection_id 6233555 for suitable bet"
I, [2012-03-13T14:10:48.629294 #19991]  INFO -- : lukebyrne - "Checking price for selection_id 2360890 for suitable bet"
I, [2012-03-13T14:10:48.629382 #19991]  INFO -- : lukebyrne - "Checking price for selection_id 6233556 for suitable bet"
I, [2012-03-13T14:10:48.629461 #19991]  INFO -- : lukebyrne - "Checking price for selection_id 6233557 for suitable bet"
I, [2012-03-13T14:10:48.629545 #19991]  INFO -- : lukebyrne - "Checking price for selection_id 4727692 for suitable bet"
I, [2012-03-13T14:10:48.629643 #19991]  INFO -- : lukebyrne - "Checking price for selection_id 5956483 for suitable bet"
I, [2012-03-13T14:10:48.629711 #19991]  INFO -- : lukebyrne - "Checking price for selection_id 6133441 for suitable bet"
I, [2012-03-13T14:10:48.629809 #19991]  INFO -- : lukebyrne - "Checking price for selection_id 5255987 for suitable bet"
I, [2012-03-13T14:10:48.629902 #19991]  INFO -- : lukebyrne - "Checking price for selection_id 6036915 for suitable bet"
I, [2012-03-13T14:10:48.630063 #19991]  INFO -- : lukebyrne - "Error - SimpleBot.check_runners - can't convert Symbol into Integer\n\n(TypeError)\n\n[\"betfair/examples/doh.rb:80:in `[]'\", \"betfair/examples/doh.rb:80:in `block in check_runners'\", \"betfair/examples/doh.rb:79:in `each'\", \"betfair/examples/doh.rb:79:in `check_runners'\", \"betfair/examples/doh.rb:70:in `check_market'\", \"betfair/examples/doh.rb:52:in `block (2 levels) in run'\", \"betfair/examples/doh.rb:52:in `each'\", \"betfair/examples/doh.rb:52:in `block in run'\", \"betfair/examples/doh.rb:48:in `loop'\", \"betfair/examples/doh.rb:48:in `run'\", \"betfair/examples/doh.rb:117:in `<main>'\"]\n\n"
I, [2012-03-13T14:10:48.630334 #19991]  INFO -- : lukebyrne - "Fetching and checking selection prices for market_id 100470807"
I, [2012-03-13T14:10:48.630418 #19991]  INFO -- : lukebyrne - "Fetching and checking selection prices for market_id 100470834"
I, [2012-03-13T14:10:48.630771 #19991]  INFO -- : lukebyrne - "Fetching and checking selection prices for market_id 100470835"
I, [2012-03-13T14:10:48.630846 #19991]  INFO -- : lukebyrne - "Fetching and checking selection prices for market_id 100470852"
I, [2012-03-13T14:10:48.630917 #19991]  INFO -- : lukebyrne - "Fetching and checking selection prices for market_id 100470853"
I, [2012-03-13T14:10:48.630983 #19991]  INFO -- : lukebyrne - "Fetching markets"
I, [2012-03-13T14:10:49.102314 #19991]  INFO -- : lukebyrne - "Fetching and checking selection prices for market_id "
I, [2012-03-13T14:10:49.102495 #19991]  INFO -- : lukebyrne - "Fetching and checking selection prices for market_id 100470774"
I, [2012-03-13T14:10:49.102569 #19991]  INFO -- : lukebyrne - "Fetching and checking selection prices for market_id 100470775"
I, [2012-03-13T14:10:49.102639 #19991]  INFO -- : lukebyrne - "Fetching and checking selection prices for market_id 100470790"
I, [2012-03-13T14:10:49.102708 #19991]  INFO -- : lukebyrne - "Fetching and checking selection prices for market_id 100470791"
I, [2012-03-13T14:10:49.102776 #19991]  INFO -- : lukebyrne - "Fetching and checking selection prices for market_id 100470806"
I, [2012-03-13T14:10:49.102843 #19991]  INFO -- : lukebyrne - "Checking whether any bets have been placed for market_id 100470806"
I, [2012-03-13T14:10:51.192134 #19991]  INFO -- : lukebyrne - "Checking price for selection_id 6177218 for suitable bet"
I, [2012-03-13T14:10:51.192349 #19991]  INFO -- : lukebyrne - "Checking price for selection_id 4797677 for suitable bet"
I, [2012-03-13T14:10:51.192419 #19991]  INFO -- : lukebyrne - "Checking price for selection_id 6032491 for suitable bet"
I, [2012-03-13T14:10:51.192486 #19991]  INFO -- : lukebyrne - "Checking price for selection_id 6233554 for suitable bet"
I, [2012-03-13T14:10:51.192553 #19991]  INFO -- : lukebyrne - "Checking price for selection_id 5569557 for suitable bet"
I, [2012-03-13T14:10:51.192619 #19991]  INFO -- : lukebyrne - "Checking price for selection_id 6233555 for suitable bet"
I, [2012-03-13T14:10:51.192684 #19991]  INFO -- : lukebyrne - "Checking price for selection_id 2360890 for suitable bet"
I, [2012-03-13T14:10:51.192750 #19991]  INFO -- : lukebyrne - "Checking price for selection_id 6233556 for suitable bet"
I, [2012-03-13T14:10:51.192815 #19991]  INFO -- : lukebyrne - "Checking price for selection_id 6233557 for suitable bet"
I, [2012-03-13T14:10:51.192879 #19991]  INFO -- : lukebyrne - "Checking price for selection_id 4727692 for suitable bet"
I, [2012-03-13T14:10:51.192943 #19991]  INFO -- : lukebyrne - "Checking price for selection_id 5956483 for suitable bet"
I, [2012-03-13T14:10:51.193008 #19991]  INFO -- : lukebyrne - "Checking price for selection_id 6133441 for suitable bet"
I, [2012-03-13T14:10:51.193072 #19991]  INFO -- : lukebyrne - "Checking price for selection_id 5255987 for suitable bet"
I, [2012-03-13T14:10:51.193138 #19991]  INFO -- : lukebyrne - "Checking price for selection_id 6036915 for suitable bet"
I, [2012-03-13T14:10:51.193285 #19991]  INFO -- : lukebyrne - "Error - SimpleBot.check_runners - can't convert Symbol into Integer\n\n(TypeError)\n\n[\"betfair/examples/doh.rb:80:in `[]'\", \"betfair/examples/doh.rb:80:in `block in check_runners'\", \"betfair/examples/doh.rb:79:in `each'\", \"betfair/examples/doh.rb:79:in `check_runners'\", \"betfair/examples/doh.rb:70:in `check_market'\", \"betfair/examples/doh.rb:52:in `block (2 levels) in run'\", \"betfair/examples/doh.rb:52:in `each'\", \"betfair/examples/doh.rb:52:in `block in run'\", \"betfair/examples/doh.rb:48:in `loop'\", \"betfair/examples/doh.rb:48:in `run'\", \"betfair/examples/doh.rb:117:in `<main>'\"]\n\n"
I, [2012-03-13T14:10:51.193371 #19991]  INFO -- : lukebyrne - "Fetching and checking selection prices for market_id 100470807"
I, [2012-03-13T14:10:51.193442 #19991]  INFO -- : lukebyrne - "Fetching and checking selection prices for market_id 100470834"
I, [2012-03-13T14:10:51.193513 #19991]  INFO -- : lukebyrne - "Fetching and checking selection prices for market_id 100470835"
I, [2012-03-13T14:10:51.193581 #19991]  INFO -- : lukebyrne - "Fetching and checking selection prices for market_id 100470852"
I, [2012-03-13T14:10:51.193649 #19991]  INFO -- : lukebyrne - "Fetching and checking selection prices for market_id 100470853"
I, [2012-03-13T14:10:51.193713 #19991]  INFO -- : lukebyrne - "Fetching markets"
I, [2012-03-13T14:10:52.690045 #19991]  INFO -- : lukebyrne - "Fetching and checking selection prices for market_id "
I, [2012-03-13T14:10:52.690218 #19991]  INFO -- : lukebyrne - "Fetching and checking selection prices for market_id 100470774"
I, [2012-03-13T14:10:52.690292 #19991]  INFO -- : lukebyrne - "Fetching and checking selection prices for market_id 100470775"
I, [2012-03-13T14:10:52.690362 #19991]  INFO -- : lukebyrne - "Fetching and checking selection prices for market_id 100470790"
I, [2012-03-13T14:10:52.690434 #19991]  INFO -- : lukebyrne - "Fetching and checking selection prices for market_id 100470791"
I, [2012-03-13T14:10:52.690502 #19991]  INFO -- : lukebyrne - "Fetching and checking selection prices for market_id 100470806"
I, [2012-03-13T14:10:52.690570 #19991]  INFO -- : lukebyrne - "Checking whether any bets have been placed for market_id 100470806"
I, [2012-03-13T14:10:53.711562 #19991]  INFO -- : lukebyrne - "Checking price for selection_id 6177218 for suitable bet"
I, [2012-03-13T14:10:53.711753 #19991]  INFO -- : lukebyrne - "Checking price for selection_id 4797677 for suitable bet"
I, [2012-03-13T14:10:53.711859 #19991]  INFO -- : lukebyrne - "Checking price for selection_id 6032491 for suitable bet"
I, [2012-03-13T14:10:53.711930 #19991]  INFO -- : lukebyrne - "Checking price for selection_id 6233554 for suitable bet"
I, [2012-03-13T14:10:53.712002 #19991]  INFO -- : lukebyrne - "Checking price for selection_id 5569557 for suitable bet"
I, [2012-03-13T14:10:53.712070 #19991]  INFO -- : lukebyrne - "Checking price for selection_id 6233555 for suitable bet"
I, [2012-03-13T14:10:53.712138 #19991]  INFO -- : lukebyrne - "Checking price for selection_id 2360890 for suitable bet"
I, [2012-03-13T14:10:53.712209 #19991]  INFO -- : lukebyrne - "Checking price for selection_id 6233556 for suitable bet"
I, [2012-03-13T14:10:53.712353 #19991]  INFO -- : lukebyrne - "Checking price for selection_id 6233557 for suitable bet"
I, [2012-03-13T14:10:53.712440 #19991]  INFO -- : lukebyrne - "Checking price for selection_id 4727692 for suitable bet"
I, [2012-03-13T14:10:53.712590 #19991]  INFO -- : lukebyrne - "Checking price for selection_id 5956483 for suitable bet"
I, [2012-03-13T14:10:53.712804 #19991]  INFO -- : lukebyrne - "Checking price for selection_id 6133441 for suitable bet"
I, [2012-03-13T14:10:53.712923 #19991]  INFO -- : lukebyrne - "Checking price for selection_id 5255987 for suitable bet"
I, [2012-03-13T14:10:53.713020 #19991]  INFO -- : lukebyrne - "Checking price for selection_id 6036915 for suitable bet"
I, [2012-03-13T14:10:53.713186 #19991]  INFO -- : lukebyrne - "Error - SimpleBot.check_runners - can't convert Symbol into Integer\n\n(TypeError)\n\n[\"betfair/examples/doh.rb:80:in `[]'\", \"betfair/examples/doh.rb:80:in `block in check_runners'\", \"betfair/examples/doh.rb:79:in `each'\", \"betfair/examples/doh.rb:79:in `check_runners'\", \"betfair/examples/doh.rb:70:in `check_market'\", \"betfair/examples/doh.rb:52:in `block (2 levels) in run'\", \"betfair/examples/doh.rb:52:in `each'\", \"betfair/examples/doh.rb:52:in `block in run'\", \"betfair/examples/doh.rb:48:in `loop'\", \"betfair/examples/doh.rb:48:in `run'\", \"betfair/examples/doh.rb:117:in `<main>'\"]\n\n"
I, [2012-03-13T14:10:53.713300 #19991]  INFO -- : lukebyrne - "Fetching and checking selection prices for market_id 100470807"
I, [2012-03-13T14:10:53.713434 #19991]  INFO -- : lukebyrne - "Fetching and checking selection prices for market_id 100470834"
I, [2012-03-13T14:10:53.713527 #19991]  INFO -- : lukebyrne - "Fetching and checking selection prices for market_id 100470835"
I, [2012-03-13T14:10:53.713618 #19991]  INFO -- : lukebyrne - "Fetching and checking selection prices for market_id 100470852"
I, [2012-03-13T14:10:53.713723 #19991]  INFO -- : lukebyrne - "Fetching and checking selection prices for market_id 100470853"
I, [2012-03-13T14:10:53.713885 #19991]  INFO -- : lukebyrne - "Fetching markets"
I, [2012-03-13T14:10:54.616279 #19991]  INFO -- : lukebyrne - "Fetching and checking selection prices for market_id "
I, [2012-03-13T14:10:54.616443 #19991]  INFO -- : lukebyrne - "Fetching and checking selection prices for market_id 100470774"
I, [2012-03-13T14:10:54.616515 #19991]  INFO -- : lukebyrne - "Fetching and checking selection prices for market_id 100470775"
I, [2012-03-13T14:10:54.616583 #19991]  INFO -- : lukebyrne - "Fetching and checking selection prices for market_id 100470790"
I, [2012-03-13T14:10:54.616654 #19991]  INFO -- : lukebyrne - "Fetching and checking selection prices for market_id 100470791"
I, [2012-03-13T14:10:54.616722 #19991]  INFO -- : lukebyrne - "Fetching and checking selection prices for market_id 100470806"
I, [2012-03-13T14:10:54.616789 #19991]  INFO -- : lukebyrne - "Checking whether any bets have been placed for market_id 100470806"
I, [2012-03-13T14:10:55.725982 #19991]  INFO -- : lukebyrne - "Checking price for selection_id 6177218 for suitable bet"
I, [2012-03-13T14:10:55.726152 #19991]  INFO -- : lukebyrne - "Checking price for selection_id 4797677 for suitable bet"
I, [2012-03-13T14:10:55.726222 #19991]  INFO -- : lukebyrne - "Checking price for selection_id 6032491 for suitable bet"
I, [2012-03-13T14:10:55.726319 #19991]  INFO -- : lukebyrne - "Checking price for selection_id 6233554 for suitable bet"
I, [2012-03-13T14:10:55.726387 #19991]  INFO -- : lukebyrne - "Checking price for selection_id 5569557 for suitable bet"
I, [2012-03-13T14:10:55.726453 #19991]  INFO -- : lukebyrne - "Checking price for selection_id 6233555 for suitable bet"
I, [2012-03-13T14:10:55.726518 #19991]  INFO -- : lukebyrne - "Checking price for selection_id 2360890 for suitable bet"
I, [2012-03-13T14:10:55.726583 #19991]  INFO -- : lukebyrne - "Checking price for selection_id 6233556 for suitable bet"
I, [2012-03-13T14:10:55.726647 #19991]  INFO -- : lukebyrne - "Checking price for selection_id 6233557 for suitable bet"
I, [2012-03-13T14:10:55.726712 #19991]  INFO -- : lukebyrne - "Checking price for selection_id 4727692 for suitable bet"
I, [2012-03-13T14:10:55.726775 #19991]  INFO -- : lukebyrne - "Checking price for selection_id 5956483 for suitable bet"
I, [2012-03-13T14:10:55.726840 #19991]  INFO -- : lukebyrne - "Checking price for selection_id 6133441 for suitable bet"
I, [2012-03-13T14:10:55.726903 #19991]  INFO -- : lukebyrne - "Checking price for selection_id 5255987 for suitable bet"
I, [2012-03-13T14:10:55.726968 #19991]  INFO -- : lukebyrne - "Checking price for selection_id 6036915 for suitable bet"
I, [2012-03-13T14:10:55.727099 #19991]  INFO -- : lukebyrne - "Error - SimpleBot.check_runners - can't convert Symbol into Integer\n\n(TypeError)\n\n[\"betfair/examples/doh.rb:80:in `[]'\", \"betfair/examples/doh.rb:80:in `block in check_runners'\", \"betfair/examples/doh.rb:79:in `each'\", \"betfair/examples/doh.rb:79:in `check_runners'\", \"betfair/examples/doh.rb:70:in `check_market'\", \"betfair/examples/doh.rb:52:in `block (2 levels) in run'\", \"betfair/examples/doh.rb:52:in `each'\", \"betfair/examples/doh.rb:52:in `block in run'\", \"betfair/examples/doh.rb:48:in `loop'\", \"betfair/examples/doh.rb:48:in `run'\", \"betfair/examples/doh.rb:117:in `<main>'\"]\n\n"
I, [2012-03-13T14:10:55.727179 #19991]  INFO -- : lukebyrne - "Fetching and checking selection prices for market_id 100470807"
I, [2012-03-13T14:10:55.727250 #19991]  INFO -- : lukebyrne - "Fetching and checking selection prices for market_id 100470834"
I, [2012-03-13T14:10:55.727346 #19991]  INFO -- : lukebyrne - "Fetching and checking selection prices for market_id 100470835"
I, [2012-03-13T14:10:55.727418 #19991]  INFO -- : lukebyrne - "Fetching and checking selection prices for market_id 100470852"
I, [2012-03-13T14:10:55.727488 #19991]  INFO -- : lukebyrne - "Fetching and checking selection prices for market_id 100470853"
I, [2012-03-13T14:10:55.727550 #19991]  INFO -- : lukebyrne - "Fetching markets"
I, [2012-03-13T14:10:56.418221 #19991]  INFO -- : lukebyrne - "Fetching and checking selection prices for market_id "
I, [2012-03-13T14:10:56.418389 #19991]  INFO -- : lukebyrne - "Fetching and checking selection prices for market_id 100470774"
I, [2012-03-13T14:10:56.418461 #19991]  INFO -- : lukebyrne - "Fetching and checking selection prices for market_id 100470775"
I, [2012-03-13T14:10:56.418529 #19991]  INFO -- : lukebyrne - "Fetching and checking selection prices for market_id 100470790"
I, [2012-03-13T14:10:56.418631 #19991]  INFO -- : lukebyrne - "Fetching and checking selection prices for market_id 100470791"
I, [2012-03-13T14:10:56.418700 #19991]  INFO -- : lukebyrne - "Fetching and checking selection prices for market_id 100470806"
I, [2012-03-13T14:10:56.418765 #19991]  INFO -- : lukebyrne - "Checking whether any bets have been placed for market_id 100470806"
I, [2012-03-13T14:10:57.805531 #19991]  INFO -- : lukebyrne - "Checking price for selection_id 6177218 for suitable bet"
I, [2012-03-13T14:10:57.805694 #19991]  INFO -- : lukebyrne - "Checking price for selection_id 4797677 for suitable bet"
I, [2012-03-13T14:10:57.805760 #19991]  INFO -- : lukebyrne - "Checking price for selection_id 6032491 for suitable bet"
I, [2012-03-13T14:10:57.805824 #19991]  INFO -- : lukebyrne - "Checking price for selection_id 6233554 for suitable bet"
I, [2012-03-13T14:10:57.806436 #19991]  INFO -- : lukebyrne - "Checking price for selection_id 5569557 for suitable bet"
I, [2012-03-13T14:10:57.806503 #19991]  INFO -- : lukebyrne - "Checking price for selection_id 6233555 for suitable bet"
I, [2012-03-13T14:10:57.806566 #19991]  INFO -- : lukebyrne - "Checking price for selection_id 2360890 for suitable bet"
I, [2012-03-13T14:10:57.806629 #19991]  INFO -- : lukebyrne - "Checking price for selection_id 6233556 for suitable bet"
I, [2012-03-13T14:10:57.806692 #19991]  INFO -- : lukebyrne - "Checking price for selection_id 6233557 for suitable bet"
I, [2012-03-13T14:10:57.806755 #19991]  INFO -- : lukebyrne - "Checking price for selection_id 4727692 for suitable bet"
I, [2012-03-13T14:10:57.806817 #19991]  INFO -- : lukebyrne - "Checking price for selection_id 5956483 for suitable bet"
I, [2012-03-13T14:10:57.806879 #19991]  INFO -- : lukebyrne - "Checking price for selection_id 6133441 for suitable bet"
I, [2012-03-13T14:10:57.806942 #19991]  INFO -- : lukebyrne - "Checking price for selection_id 5255987 for suitable bet"
I, [2012-03-13T14:10:57.807005 #19991]  INFO -- : lukebyrne - "Checking price for selection_id 6036915 for suitable bet"
I, [2012-03-13T14:10:57.807132 #19991]  INFO -- : lukebyrne - "Error - SimpleBot.check_runners - can't convert Symbol into Integer\n\n(TypeError)\n\n[\"betfair/examples/doh.rb:80:in `[]'\", \"betfair/examples/doh.rb:80:in `block in check_runners'\", \"betfair/examples/doh.rb:79:in `each'\", \"betfair/examples/doh.rb:79:in `check_runners'\", \"betfair/examples/doh.rb:70:in `check_market'\", \"betfair/examples/doh.rb:52:in `block (2 levels) in run'\", \"betfair/examples/doh.rb:52:in `each'\", \"betfair/examples/doh.rb:52:in `block in run'\", \"betfair/examples/doh.rb:48:in `loop'\", \"betfair/examples/doh.rb:48:in `run'\", \"betfair/examples/doh.rb:117:in `<main>'\"]\n\n"
I, [2012-03-13T14:10:57.807211 #19991]  INFO -- : lukebyrne - "Fetching and checking selection prices for market_id 100470807"
I, [2012-03-13T14:10:57.807278 #19991]  INFO -- : lukebyrne - "Fetching and checking selection prices for market_id 100470834"
I, [2012-03-13T14:10:57.807346 #19991]  INFO -- : lukebyrne - "Fetching and checking selection prices for market_id 100470835"
I, [2012-03-13T14:10:57.807412 #19991]  INFO -- : lukebyrne - "Fetching and checking selection prices for market_id 100470852"
I, [2012-03-13T14:10:57.807479 #19991]  INFO -- : lukebyrne - "Fetching and checking selection prices for market_id 100470853"
I, [2012-03-13T14:10:57.807540 #19991]  INFO -- : lukebyrne - "Fetching markets"
I, [2012-03-13T14:10:58.580817 #19991]  INFO -- : lukebyrne - "Fetching and checking selection prices for market_id "
I, [2012-03-13T14:10:58.580982 #19991]  INFO -- : lukebyrne - "Fetching and checking selection prices for market_id 100470774"
I, [2012-03-13T14:10:58.581057 #19991]  INFO -- : lukebyrne - "Fetching and checking selection prices for market_id 100470775"
I, [2012-03-13T14:10:58.581128 #19991]  INFO -- : lukebyrne - "Fetching and checking selection prices for market_id 100470790"
I, [2012-03-13T14:10:58.581310 #19991]  INFO -- : lukebyrne - "Fetching and checking selection prices for market_id 100470791"
I, [2012-03-13T14:10:58.581379 #19991]  INFO -- : lukebyrne - "Fetching and checking selection prices for market_id 100470806"
I, [2012-03-13T14:10:58.581446 #19991]  INFO -- : lukebyrne - "Checking whether any bets have been placed for market_id 100470806"
I, [2012-03-13T14:10:59.822781 #19991]  INFO -- : lukebyrne - "Checking price for selection_id 6177218 for suitable bet"
I, [2012-03-13T14:10:59.823137 #19991]  INFO -- : lukebyrne - "Checking price for selection_id 4797677 for suitable bet"
I, [2012-03-13T14:10:59.823244 #19991]  INFO -- : lukebyrne - "Checking price for selection_id 6032491 for suitable bet"
I, [2012-03-13T14:10:59.823311 #19991]  INFO -- : lukebyrne - "Checking price for selection_id 6233554 for suitable bet"
I, [2012-03-13T14:10:59.823376 #19991]  INFO -- : lukebyrne - "Checking price for selection_id 5569557 for suitable bet"
I, [2012-03-13T14:10:59.823468 #19991]  INFO -- : lukebyrne - "Checking price for selection_id 6233555 for suitable bet"
I, [2012-03-13T14:10:59.823533 #19991]  INFO -- : lukebyrne - "Checking price for selection_id 2360890 for suitable bet"
I, [2012-03-13T14:10:59.823596 #19991]  INFO -- : lukebyrne - "Checking price for selection_id 6233556 for suitable bet"
I, [2012-03-13T14:10:59.823659 #19991]  INFO -- : lukebyrne - "Checking price for selection_id 6233557 for suitable bet"
I, [2012-03-13T14:10:59.823722 #19991]  INFO -- : lukebyrne - "Checking price for selection_id 4727692 for suitable bet"
I, [2012-03-13T14:10:59.823786 #19991]  INFO -- : lukebyrne - "Checking price for selection_id 5956483 for suitable bet"
I, [2012-03-13T14:10:59.823849 #19991]  INFO -- : lukebyrne - "Checking price for selection_id 6133441 for suitable bet"
I, [2012-03-13T14:10:59.823912 #19991]  INFO -- : lukebyrne - "Checking price for selection_id 5255987 for suitable bet"
I, [2012-03-13T14:10:59.823977 #19991]  INFO -- : lukebyrne - "Checking price for selection_id 6036915 for suitable bet"
I, [2012-03-13T14:10:59.824117 #19991]  INFO -- : lukebyrne - "Error - SimpleBot.check_runners - can't convert Symbol into Integer\n\n(TypeError)\n\n[\"betfair/examples/doh.rb:80:in `[]'\", \"betfair/examples/doh.rb:80:in `block in check_runners'\", \"betfair/examples/doh.rb:79:in `each'\", \"betfair/examples/doh.rb:79:in `check_runners'\", \"betfair/examples/doh.rb:70:in `check_market'\", \"betfair/examples/doh.rb:52:in `block (2 levels) in run'\", \"betfair/examples/doh.rb:52:in `each'\", \"betfair/examples/doh.rb:52:in `block in run'\", \"betfair/examples/doh.rb:48:in `loop'\", \"betfair/examples/doh.rb:48:in `run'\", \"betfair/examples/doh.rb:117:in `<main>'\"]\n\n"
I, [2012-03-13T14:10:59.824202 #19991]  INFO -- : lukebyrne - "Fetching and checking selection prices for market_id 100470807"
I, [2012-03-13T14:10:59.824272 #19991]  INFO -- : lukebyrne - "Fetching and checking selection prices for market_id 100470834"
I, [2012-03-13T14:10:59.824343 #19991]  INFO -- : lukebyrne - "Fetching and checking selection prices for market_id 100470835"
I, [2012-03-13T14:10:59.824408 #19991]  INFO -- : lukebyrne - "Fetching and checking selection prices for market_id 100470852"
I, [2012-03-13T14:10:59.824476 #19991]  INFO -- : lukebyrne - "Fetching and checking selection prices for market_id 100470853"
I, [2012-03-13T14:10:59.824539 #19991]  INFO -- : lukebyrne - "Fetching markets"
I, [2012-03-13T14:11:00.218682 #19991]  INFO -- : lukebyrne - "Fetching and checking selection prices for market_id "
I, [2012-03-13T14:11:00.218849 #19991]  INFO -- : lukebyrne - "Fetching and checking selection prices for market_id 100470774"
I, [2012-03-13T14:11:00.218934 #19991]  INFO -- : lukebyrne - "Fetching and checking selection prices for market_id 100470775"
I, [2012-03-13T14:11:00.219015 #19991]  INFO -- : lukebyrne - "Fetching and checking selection prices for market_id 100470790"
I, [2012-03-13T14:11:00.219103 #19991]  INFO -- : lukebyrne - "Fetching and checking selection prices for market_id 100470791"
I, [2012-03-13T14:11:00.219216 #19991]  INFO -- : lukebyrne - "Fetching and checking selection prices for market_id 100470806"
I, [2012-03-13T14:11:00.219290 #19991]  INFO -- : lukebyrne - "Checking whether any bets have been placed for market_id 100470806"
I, [2012-03-13T14:15:56.332144 #20030]  INFO -- : lukebyrne - "Logging in to Betfair with username lukebyrne. Session token returned QlHiEvEBMchqLdjEzKdEK2aUm6OnPW9CitQTWV5mD7I="
I, [2012-03-13T14:15:56.332319 #20030]  INFO -- : lukebyrne - "Starting loop - fetching odds on horses from AUS"
I, [2012-03-13T14:15:56.332389 #20030]  INFO -- : lukebyrne - "Fetching markets"
I, [2012-03-13T14:15:57.824798 #20030]  INFO -- : lukebyrne - "Fetching and checking selection prices for market_id 100470806"
I, [2012-03-13T14:15:57.825253 #20030]  INFO -- : lukebyrne - "Error - SimpleBot.run - undefined local variable or method `exchange_id' for #<SimpleBot:0x007fd94142a618>\n\n(NameError)\n\n[\"betfair/examples/doh.rb:61:in `block (2 levels) in run'\", \"betfair/examples/doh.rb:56:in `each'\", \"betfair/examples/doh.rb:56:in `block in run'\", \"betfair/examples/doh.rb:49:in `loop'\", \"betfair/examples/doh.rb:49:in `run'\", \"betfair/examples/doh.rb:119:in `<main>'\"]\n\n"
I, [2012-03-13T14:16:31.269301 #20038]  INFO -- : lukebyrne - "Logging in to Betfair with username lukebyrne. Session token returned PloX+mWRB0B93zbZrHoodYf5AYzO/sbZIi7qCNnMG30="
I, [2012-03-13T14:16:31.309062 #20038]  INFO -- : lukebyrne - "Starting loop - fetching odds on horses from AUS"
I, [2012-03-13T14:16:31.309219 #20038]  INFO -- : lukebyrne - "Fetching markets"
I, [2012-03-13T14:16:32.081824 #20038]  INFO -- : lukebyrne - "Fetching and checking selection prices for market_id 100470806"
I, [2012-03-13T14:16:32.081990 #20038]  INFO -- : lukebyrne - "Checking whether any bets have been placed for market_id 100470806"
I, [2012-03-13T14:16:33.182742 #20038]  INFO -- : lukebyrne - "Checking price for selection_id 6177218 for suitable bet"
I, [2012-03-13T14:16:33.182912 #20038]  INFO -- : lukebyrne - "Checking price for selection_id 4797677 for suitable bet"
I, [2012-03-13T14:16:33.182982 #20038]  INFO -- : lukebyrne - "Checking price for selection_id 6032491 for suitable bet"
I, [2012-03-13T14:16:33.183122 #20038]  INFO -- : lukebyrne - "Checking price for selection_id 6233554 for suitable bet"
I, [2012-03-13T14:16:33.183194 #20038]  INFO -- : lukebyrne - "Checking price for selection_id 5569557 for suitable bet"
I, [2012-03-13T14:16:33.183301 #20038]  INFO -- : lukebyrne - "Checking price for selection_id 6233555 for suitable bet"
I, [2012-03-13T14:16:33.183402 #20038]  INFO -- : lukebyrne - "Checking price for selection_id 2360890 for suitable bet"
I, [2012-03-13T14:16:33.183471 #20038]  INFO -- : lukebyrne - "Checking price for selection_id 6233556 for suitable bet"
I, [2012-03-13T14:16:33.183569 #20038]  INFO -- : lukebyrne - "Checking price for selection_id 6233557 for suitable bet"
I, [2012-03-13T14:16:33.183649 #20038]  INFO -- : lukebyrne - "Checking price for selection_id 4727692 for suitable bet"
I, [2012-03-13T14:16:33.183732 #20038]  INFO -- : lukebyrne - "Checking price for selection_id 5956483 for suitable bet"
I, [2012-03-13T14:16:33.183830 #20038]  INFO -- : lukebyrne - "Checking price for selection_id 6133441 for suitable bet"
I, [2012-03-13T14:16:33.183910 #20038]  INFO -- : lukebyrne - "Checking price for selection_id 5255987 for suitable bet"
I, [2012-03-13T14:16:33.183993 #20038]  INFO -- : lukebyrne - "Checking price for selection_id 6036915 for suitable bet"
I, [2012-03-13T14:16:33.184185 #20038]  INFO -- : lukebyrne - "Error - SimpleBot.check_runners - can't convert Symbol into Integer\n\n(TypeError)\n\n[\"betfair/examples/doh.rb:82:in `[]'\", \"betfair/examples/doh.rb:82:in `block in check_runners'\", \"betfair/examples/doh.rb:81:in `each'\", \"betfair/examples/doh.rb:81:in `check_runners'\", \"betfair/examples/doh.rb:61:in `block (2 levels) in run'\", \"betfair/examples/doh.rb:56:in `each'\", \"betfair/examples/doh.rb:56:in `block in run'\", \"betfair/examples/doh.rb:49:in `loop'\", \"betfair/examples/doh.rb:49:in `run'\", \"betfair/examples/doh.rb:119:in `<main>'\"]\n\n"
I, [2012-03-13T14:16:34.184652 #20038]  INFO -- : lukebyrne - "Fetching markets"
I, [2012-03-13T14:16:34.606757 #20038]  INFO -- : lukebyrne - "Fetching and checking selection prices for market_id 100470806"
I, [2012-03-13T14:16:34.606942 #20038]  INFO -- : lukebyrne - "Checking whether any bets have been placed for market_id 100470806"
I, [2012-03-13T14:16:35.420221 #20038]  INFO -- : lukebyrne - "Checking price for selection_id 6177218 for suitable bet"
I, [2012-03-13T14:16:35.420397 #20038]  INFO -- : lukebyrne - "Checking price for selection_id 4797677 for suitable bet"
I, [2012-03-13T14:16:35.420466 #20038]  INFO -- : lukebyrne - "Checking price for selection_id 6032491 for suitable bet"
I, [2012-03-13T14:16:35.420600 #20038]  INFO -- : lukebyrne - "Checking price for selection_id 6233554 for suitable bet"
I, [2012-03-13T14:16:35.420670 #20038]  INFO -- : lukebyrne - "Checking price for selection_id 5569557 for suitable bet"
I, [2012-03-13T14:16:35.420808 #20038]  INFO -- : lukebyrne - "Checking price for selection_id 6233555 for suitable bet"
I, [2012-03-13T14:16:35.420910 #20038]  INFO -- : lukebyrne - "Checking price for selection_id 2360890 for suitable bet"
I, [2012-03-13T14:16:35.421010 #20038]  INFO -- : lukebyrne - "Checking price for selection_id 6233556 for suitable bet"
I, [2012-03-13T14:16:35.421080 #20038]  INFO -- : lukebyrne - "Checking price for selection_id 6233557 for suitable bet"
I, [2012-03-13T14:16:35.421178 #20038]  INFO -- : lukebyrne - "Checking price for selection_id 4727692 for suitable bet"
I, [2012-03-13T14:16:35.421261 #20038]  INFO -- : lukebyrne - "Checking price for selection_id 5956483 for suitable bet"
I, [2012-03-13T14:16:35.421348 #20038]  INFO -- : lukebyrne - "Checking price for selection_id 6133441 for suitable bet"
I, [2012-03-13T14:16:35.421439 #20038]  INFO -- : lukebyrne - "Checking price for selection_id 5255987 for suitable bet"
I, [2012-03-13T14:16:35.421519 #20038]  INFO -- : lukebyrne - "Checking price for selection_id 6036915 for suitable bet"
I, [2012-03-13T14:16:35.421687 #20038]  INFO -- : lukebyrne - "Error - SimpleBot.check_runners - can't convert Symbol into Integer\n\n(TypeError)\n\n[\"betfair/examples/doh.rb:82:in `[]'\", \"betfair/examples/doh.rb:82:in `block in check_runners'\", \"betfair/examples/doh.rb:81:in `each'\", \"betfair/examples/doh.rb:81:in `check_runners'\", \"betfair/examples/doh.rb:61:in `block (2 levels) in run'\", \"betfair/examples/doh.rb:56:in `each'\", \"betfair/examples/doh.rb:56:in `block in run'\", \"betfair/examples/doh.rb:49:in `loop'\", \"betfair/examples/doh.rb:49:in `run'\", \"betfair/examples/doh.rb:119:in `<main>'\"]\n\n"
I, [2012-03-13T14:16:36.422983 #20038]  INFO -- : lukebyrne - "Fetching markets"
I, [2012-03-13T14:16:36.894271 #20038]  INFO -- : lukebyrne - "Fetching and checking selection prices for market_id 100470806"
I, [2012-03-13T14:16:36.894433 #20038]  INFO -- : lukebyrne - "Checking whether any bets have been placed for market_id 100470806"
I, [2012-03-13T14:16:37.740252 #20038]  INFO -- : lukebyrne - "Checking price for selection_id 6177218 for suitable bet"
I, [2012-03-13T14:16:37.755560 #20038]  INFO -- : lukebyrne - "Checking price for selection_id 4797677 for suitable bet"
I, [2012-03-13T14:16:37.755660 #20038]  INFO -- : lukebyrne - "Checking price for selection_id 6032491 for suitable bet"
I, [2012-03-13T14:16:37.755728 #20038]  INFO -- : lukebyrne - "Checking price for selection_id 6233554 for suitable bet"
I, [2012-03-13T14:16:37.755794 #20038]  INFO -- : lukebyrne - "Checking price for selection_id 5569557 for suitable bet"
I, [2012-03-13T14:16:37.755861 #20038]  INFO -- : lukebyrne - "Checking price for selection_id 6233555 for suitable bet"
I, [2012-03-13T14:16:37.755927 #20038]  INFO -- : lukebyrne - "Checking price for selection_id 2360890 for suitable bet"
I, [2012-03-13T14:16:37.756031 #20038]  INFO -- : lukebyrne - "Checking price for selection_id 6233556 for suitable bet"
I, [2012-03-13T14:16:37.756099 #20038]  INFO -- : lukebyrne - "Checking price for selection_id 6233557 for suitable bet"
I, [2012-03-13T14:16:37.756165 #20038]  INFO -- : lukebyrne - "Checking price for selection_id 4727692 for suitable bet"
I, [2012-03-13T14:16:37.756246 #20038]  INFO -- : lukebyrne - "Checking price for selection_id 5956483 for suitable bet"
I, [2012-03-13T14:16:37.756312 #20038]  INFO -- : lukebyrne - "Checking price for selection_id 6133441 for suitable bet"
I, [2012-03-13T14:16:37.756378 #20038]  INFO -- : lukebyrne - "Checking price for selection_id 5255987 for suitable bet"
I, [2012-03-13T14:16:37.756443 #20038]  INFO -- : lukebyrne - "Checking price for selection_id 6036915 for suitable bet"
I, [2012-03-13T14:16:37.756587 #20038]  INFO -- : lukebyrne - "Error - SimpleBot.check_runners - can't convert Symbol into Integer\n\n(TypeError)\n\n[\"betfair/examples/doh.rb:82:in `[]'\", \"betfair/examples/doh.rb:82:in `block in check_runners'\", \"betfair/examples/doh.rb:81:in `each'\", \"betfair/examples/doh.rb:81:in `check_runners'\", \"betfair/examples/doh.rb:61:in `block (2 levels) in run'\", \"betfair/examples/doh.rb:56:in `each'\", \"betfair/examples/doh.rb:56:in `block in run'\", \"betfair/examples/doh.rb:49:in `loop'\", \"betfair/examples/doh.rb:49:in `run'\", \"betfair/examples/doh.rb:119:in `<main>'\"]\n\n"
I, [2012-03-13T14:16:38.757352 #20038]  INFO -- : lukebyrne - "Fetching markets"
I, [2012-03-13T14:16:39.171158 #20038]  INFO -- : lukebyrne - "Fetching and checking selection prices for market_id 100470806"
I, [2012-03-13T14:16:39.171321 #20038]  INFO -- : lukebyrne - "Checking whether any bets have been placed for market_id 100470806"
I, [2012-03-13T14:16:40.041513 #20038]  INFO -- : lukebyrne - "Checking price for selection_id 6177218 for suitable bet"
I, [2012-03-13T14:16:40.041684 #20038]  INFO -- : lukebyrne - "Checking price for selection_id 4797677 for suitable bet"
I, [2012-03-13T14:16:40.041753 #20038]  INFO -- : lukebyrne - "Checking price for selection_id 6032491 for suitable bet"
I, [2012-03-13T14:16:40.041909 #20038]  INFO -- : lukebyrne - "Checking price for selection_id 6233554 for suitable bet"
I, [2012-03-13T14:16:40.042087 #20038]  INFO -- : lukebyrne - "Checking price for selection_id 5569557 for suitable bet"
I, [2012-03-13T14:16:40.042210 #20038]  INFO -- : lukebyrne - "Checking price for selection_id 6233555 for suitable bet"
I, [2012-03-13T14:16:40.042306 #20038]  INFO -- : lukebyrne - "Checking price for selection_id 2360890 for suitable bet"
I, [2012-03-13T14:16:40.042424 #20038]  INFO -- : lukebyrne - "Checking price for selection_id 6233556 for suitable bet"
I, [2012-03-13T14:16:40.042568 #20038]  INFO -- : lukebyrne - "Checking price for selection_id 6233557 for suitable bet"
I, [2012-03-13T14:16:40.042653 #20038]  INFO -- : lukebyrne - "Checking price for selection_id 4727692 for suitable bet"
I, [2012-03-13T14:16:40.042748 #20038]  INFO -- : lukebyrne - "Checking price for selection_id 5956483 for suitable bet"
I, [2012-03-13T14:16:40.042861 #20038]  INFO -- : lukebyrne - "Checking price for selection_id 6133441 for suitable bet"
I, [2012-03-13T14:16:40.042990 #20038]  INFO -- : lukebyrne - "Checking price for selection_id 5255987 for suitable bet"
I, [2012-03-13T14:16:40.043137 #20038]  INFO -- : lukebyrne - "Checking price for selection_id 6036915 for suitable bet"
I, [2012-03-13T14:16:40.043273 #20038]  INFO -- : lukebyrne - "Error - SimpleBot.check_runners - can't convert Symbol into Integer\n\n(TypeError)\n\n[\"betfair/examples/doh.rb:82:in `[]'\", \"betfair/examples/doh.rb:82:in `block in check_runners'\", \"betfair/examples/doh.rb:81:in `each'\", \"betfair/examples/doh.rb:81:in `check_runners'\", \"betfair/examples/doh.rb:61:in `block (2 levels) in run'\", \"betfair/examples/doh.rb:56:in `each'\", \"betfair/examples/doh.rb:56:in `block in run'\", \"betfair/examples/doh.rb:49:in `loop'\", \"betfair/examples/doh.rb:49:in `run'\", \"betfair/examples/doh.rb:119:in `<main>'\"]\n\n"
I, [2012-03-13T14:16:41.045131 #20038]  INFO -- : lukebyrne - "Fetching markets"
I, [2012-03-13T14:16:41.447259 #20038]  INFO -- : lukebyrne - "Fetching and checking selection prices for market_id 100470806"
I, [2012-03-13T14:16:41.447435 #20038]  INFO -- : lukebyrne - "Checking whether any bets have been placed for market_id 100470806"
I, [2012-03-13T14:16:42.914539 #20038]  INFO -- : lukebyrne - "Checking price for selection_id 6177218 for suitable bet"
I, [2012-03-13T14:16:42.914711 #20038]  INFO -- : lukebyrne - "Checking price for selection_id 4797677 for suitable bet"
I, [2012-03-13T14:16:42.914780 #20038]  INFO -- : lukebyrne - "Checking price for selection_id 6032491 for suitable bet"
I, [2012-03-13T14:16:42.914911 #20038]  INFO -- : lukebyrne - "Checking price for selection_id 6233554 for suitable bet"
I, [2012-03-13T14:16:42.914982 #20038]  INFO -- : lukebyrne - "Checking price for selection_id 5569557 for suitable bet"
I, [2012-03-13T14:16:42.915094 #20038]  INFO -- : lukebyrne - "Checking price for selection_id 6233555 for suitable bet"
I, [2012-03-13T14:16:42.915571 #20038]  INFO -- : lukebyrne - "Checking price for selection_id 2360890 for suitable bet"
I, [2012-03-13T14:16:42.915640 #20038]  INFO -- : lukebyrne - "Checking price for selection_id 6233556 for suitable bet"
I, [2012-03-13T14:16:42.915707 #20038]  INFO -- : lukebyrne - "Checking price for selection_id 6233557 for suitable bet"
I, [2012-03-13T14:16:42.915774 #20038]  INFO -- : lukebyrne - "Checking price for selection_id 4727692 for suitable bet"
I, [2012-03-13T14:16:42.915840 #20038]  INFO -- : lukebyrne - "Checking price for selection_id 5956483 for suitable bet"
I, [2012-03-13T14:16:42.915905 #20038]  INFO -- : lukebyrne - "Checking price for selection_id 6133441 for suitable bet"
I, [2012-03-13T14:16:42.915971 #20038]  INFO -- : lukebyrne - "Checking price for selection_id 5255987 for suitable bet"
I, [2012-03-13T14:16:42.916037 #20038]  INFO -- : lukebyrne - "Checking price for selection_id 6036915 for suitable bet"
I, [2012-03-13T14:16:42.916167 #20038]  INFO -- : lukebyrne - "Error - SimpleBot.check_runners - can't convert Symbol into Integer\n\n(TypeError)\n\n[\"betfair/examples/doh.rb:82:in `[]'\", \"betfair/examples/doh.rb:82:in `block in check_runners'\", \"betfair/examples/doh.rb:81:in `each'\", \"betfair/examples/doh.rb:81:in `check_runners'\", \"betfair/examples/doh.rb:61:in `block (2 levels) in run'\", \"betfair/examples/doh.rb:56:in `each'\", \"betfair/examples/doh.rb:56:in `block in run'\", \"betfair/examples/doh.rb:49:in `loop'\", \"betfair/examples/doh.rb:49:in `run'\", \"betfair/examples/doh.rb:119:in `<main>'\"]\n\n"
I, [2012-03-13T14:16:43.917464 #20038]  INFO -- : lukebyrne - "Fetching markets"
I, [2012-03-13T14:16:44.409613 #20038]  INFO -- : lukebyrne - "Fetching and checking selection prices for market_id 100470806"
I, [2012-03-13T14:16:44.425136 #20038]  INFO -- : lukebyrne - "Checking whether any bets have been placed for market_id 100470806"
I, [2012-03-13T14:16:45.337194 #20038]  INFO -- : lukebyrne - "Checking price for selection_id 6177218 for suitable bet"
I, [2012-03-13T14:16:45.337380 #20038]  INFO -- : lukebyrne - "Checking price for selection_id 4797677 for suitable bet"
I, [2012-03-13T14:16:45.337450 #20038]  INFO -- : lukebyrne - "Checking price for selection_id 6032491 for suitable bet"
I, [2012-03-13T14:16:45.337519 #20038]  INFO -- : lukebyrne - "Checking price for selection_id 6233554 for suitable bet"
I, [2012-03-13T14:16:45.337586 #20038]  INFO -- : lukebyrne - "Checking price for selection_id 5569557 for suitable bet"
I, [2012-03-13T14:16:45.337653 #20038]  INFO -- : lukebyrne - "Checking price for selection_id 6233555 for suitable bet"
I, [2012-03-13T14:16:45.337719 #20038]  INFO -- : lukebyrne - "Checking price for selection_id 2360890 for suitable bet"
I, [2012-03-13T14:16:45.337785 #20038]  INFO -- : lukebyrne - "Checking price for selection_id 6233556 for suitable bet"
I, [2012-03-13T14:16:45.337852 #20038]  INFO -- : lukebyrne - "Checking price for selection_id 6233557 for suitable bet"
I, [2012-03-13T14:16:45.337924 #20038]  INFO -- : lukebyrne - "Checking price for selection_id 4727692 for suitable bet"
I, [2012-03-13T14:16:45.337990 #20038]  INFO -- : lukebyrne - "Checking price for selection_id 5956483 for suitable bet"
I, [2012-03-13T14:16:45.338056 #20038]  INFO -- : lukebyrne - "Checking price for selection_id 6133441 for suitable bet"
I, [2012-03-13T14:16:45.338123 #20038]  INFO -- : lukebyrne - "Checking price for selection_id 5255987 for suitable bet"
I, [2012-03-13T14:16:45.338190 #20038]  INFO -- : lukebyrne - "Checking price for selection_id 6036915 for suitable bet"
I, [2012-03-13T14:16:45.338322 #20038]  INFO -- : lukebyrne - "Error - SimpleBot.check_runners - can't convert Symbol into Integer\n\n(TypeError)\n\n[\"betfair/examples/doh.rb:82:in `[]'\", \"betfair/examples/doh.rb:82:in `block in check_runners'\", \"betfair/examples/doh.rb:81:in `each'\", \"betfair/examples/doh.rb:81:in `check_runners'\", \"betfair/examples/doh.rb:61:in `block (2 levels) in run'\", \"betfair/examples/doh.rb:56:in `each'\", \"betfair/examples/doh.rb:56:in `block in run'\", \"betfair/examples/doh.rb:49:in `loop'\", \"betfair/examples/doh.rb:49:in `run'\", \"betfair/examples/doh.rb:119:in `<main>'\"]\n\n"
I, [2012-03-13T14:16:46.339629 #20038]  INFO -- : lukebyrne - "Fetching markets"
I, [2012-03-13T14:16:46.913652 #20038]  INFO -- : lukebyrne - "Fetching and checking selection prices for market_id 100470806"
I, [2012-03-13T14:16:46.913814 #20038]  INFO -- : lukebyrne - "Checking whether any bets have been placed for market_id 100470806"
I, [2012-03-13T14:16:47.980818 #20038]  INFO -- : lukebyrne - "Checking price for selection_id 6177218 for suitable bet"
I, [2012-03-13T14:16:47.980994 #20038]  INFO -- : lukebyrne - "Checking price for selection_id 4797677 for suitable bet"
I, [2012-03-13T14:16:47.981066 #20038]  INFO -- : lukebyrne - "Checking price for selection_id 6032491 for suitable bet"
I, [2012-03-13T14:16:47.981139 #20038]  INFO -- : lukebyrne - "Checking price for selection_id 6233554 for suitable bet"
I, [2012-03-13T14:16:47.981211 #20038]  INFO -- : lukebyrne - "Checking price for selection_id 5569557 for suitable bet"
I, [2012-03-13T14:16:47.981278 #20038]  INFO -- : lukebyrne - "Checking price for selection_id 6233555 for suitable bet"
I, [2012-03-13T14:16:47.981346 #20038]  INFO -- : lukebyrne - "Checking price for selection_id 2360890 for suitable bet"
I, [2012-03-13T14:16:47.981510 #20038]  INFO -- : lukebyrne - "Checking price for selection_id 6233556 for suitable bet"
I, [2012-03-13T14:16:47.981608 #20038]  INFO -- : lukebyrne - "Checking price for selection_id 6233557 for suitable bet"
I, [2012-03-13T14:16:47.981700 #20038]  INFO -- : lukebyrne - "Checking price for selection_id 4727692 for suitable bet"
I, [2012-03-13T14:16:47.981827 #20038]  INFO -- : lukebyrne - "Checking price for selection_id 5956483 for suitable bet"
I, [2012-03-13T14:16:47.981946 #20038]  INFO -- : lukebyrne - "Checking price for selection_id 6133441 for suitable bet"
I, [2012-03-13T14:16:47.982014 #20038]  INFO -- : lukebyrne - "Checking price for selection_id 5255987 for suitable bet"
I, [2012-03-13T14:16:47.982084 #20038]  INFO -- : lukebyrne - "Checking price for selection_id 6036915 for suitable bet"
I, [2012-03-13T14:16:47.982218 #20038]  INFO -- : lukebyrne - "Error - SimpleBot.check_runners - can't convert Symbol into Integer\n\n(TypeError)\n\n[\"betfair/examples/doh.rb:82:in `[]'\", \"betfair/examples/doh.rb:82:in `block in check_runners'\", \"betfair/examples/doh.rb:81:in `each'\", \"betfair/examples/doh.rb:81:in `check_runners'\", \"betfair/examples/doh.rb:61:in `block (2 levels) in run'\", \"betfair/examples/doh.rb:56:in `each'\", \"betfair/examples/doh.rb:56:in `block in run'\", \"betfair/examples/doh.rb:49:in `loop'\", \"betfair/examples/doh.rb:49:in `run'\", \"betfair/examples/doh.rb:119:in `<main>'\"]\n\n"
I, [2012-03-13T14:16:48.983450 #20038]  INFO -- : lukebyrne - "Fetching markets"
I, [2012-03-13T14:16:49.587806 #20038]  INFO -- : lukebyrne - "Fetching and checking selection prices for market_id 100470806"
I, [2012-03-13T14:16:49.587977 #20038]  INFO -- : lukebyrne - "Checking whether any bets have been placed for market_id 100470806"
I, [2012-03-13T14:16:50.472798 #20038]  INFO -- : lukebyrne - "Checking price for selection_id 6177218 for suitable bet"
I, [2012-03-13T14:16:50.472969 #20038]  INFO -- : lukebyrne - "Checking price for selection_id 4797677 for suitable bet"
I, [2012-03-13T14:16:50.473038 #20038]  INFO -- : lukebyrne - "Checking price for selection_id 6032491 for suitable bet"
I, [2012-03-13T14:16:50.473105 #20038]  INFO -- : lukebyrne - "Checking price for selection_id 6233554 for suitable bet"
I, [2012-03-13T14:16:50.473175 #20038]  INFO -- : lukebyrne - "Checking price for selection_id 5569557 for suitable bet"
I, [2012-03-13T14:16:50.473241 #20038]  INFO -- : lukebyrne - "Checking price for selection_id 6233555 for suitable bet"
I, [2012-03-13T14:16:50.473306 #20038]  INFO -- : lukebyrne - "Checking price for selection_id 2360890 for suitable bet"
I, [2012-03-13T14:16:50.473372 #20038]  INFO -- : lukebyrne - "Checking price for selection_id 6233556 for suitable bet"
I, [2012-03-13T14:16:50.473471 #20038]  INFO -- : lukebyrne - "Checking price for selection_id 6233557 for suitable bet"
I, [2012-03-13T14:16:50.473539 #20038]  INFO -- : lukebyrne - "Checking price for selection_id 4727692 for suitable bet"
I, [2012-03-13T14:16:50.473604 #20038]  INFO -- : lukebyrne - "Checking price for selection_id 5956483 for suitable bet"
I, [2012-03-13T14:16:50.473670 #20038]  INFO -- : lukebyrne - "Checking price for selection_id 6133441 for suitable bet"
I, [2012-03-13T14:16:50.473735 #20038]  INFO -- : lukebyrne - "Checking price for selection_id 5255987 for suitable bet"
I, [2012-03-13T14:16:50.473815 #20038]  INFO -- : lukebyrne - "Checking price for selection_id 6036915 for suitable bet"
I, [2012-03-13T14:16:50.473972 #20038]  INFO -- : lukebyrne - "Error - SimpleBot.check_runners - can't convert Symbol into Integer\n\n(TypeError)\n\n[\"betfair/examples/doh.rb:82:in `[]'\", \"betfair/examples/doh.rb:82:in `block in check_runners'\", \"betfair/examples/doh.rb:81:in `each'\", \"betfair/examples/doh.rb:81:in `check_runners'\", \"betfair/examples/doh.rb:61:in `block (2 levels) in run'\", \"betfair/examples/doh.rb:56:in `each'\", \"betfair/examples/doh.rb:56:in `block in run'\", \"betfair/examples/doh.rb:49:in `loop'\", \"betfair/examples/doh.rb:49:in `run'\", \"betfair/examples/doh.rb:119:in `<main>'\"]\n\n"
